#
# There is insufficient memory for the Java Runtime Environment to continue.
# Native memory allocation (malloc) failed to allocate 1455056 bytes. Error detail: Chunk::new
# Possible reasons:
#   The system is out of physical RAM or swap space
#   This process is running with CompressedOops enabled, and the Java Heap may be blocking the growth of the native heap
# Possible solutions:
#   Reduce memory load on the system
#   Increase physical memory or swap space
#   Check if swap backing store is full
#   Decrease Java heap size (-Xmx/-Xms)
#   Decrease number of Java threads
#   Decrease Java thread stack sizes (-Xss)
#   Set larger code cache with -XX:ReservedCodeCacheSize=
#   JVM is running with Unscaled Compressed Oops mode in which the Java heap is
#     placed in the first 4GB address space. The Java Heap base address is the
#     maximum limit for the native heap growth. Please use -XX:HeapBaseMinAddress
#     to set the Java Heap base and to place the Java Heap above 4GB virtual address.
# This output file may be truncated or incomplete.
#
#  Out of Memory Error (arena.cpp:168), pid=15648, tid=15692
#
# JRE version: OpenJDK Runtime Environment Temurin-21.0.9+10 (21.0.9+10) (build 21.0.9+10-LTS)
# Java VM: OpenJDK 64-Bit Server VM Temurin-21.0.9+10 (21.0.9+10-LTS, mixed mode, sharing, tiered, compressed oops, compressed class ptrs, parallel gc, windows-amd64)
# No core dump will be written. Minidumps are not enabled by default on client versions of Windows
#

---------------  S U M M A R Y ------------

Command Line: --add-modules=ALL-SYSTEM --add-opens=java.base/java.util=ALL-UNNAMED --add-opens=java.base/java.lang=ALL-UNNAMED --add-opens=java.base/sun.nio.fs=ALL-UNNAMED -Declipse.application=org.eclipse.jdt.ls.core.id1 -Dosgi.bundles.defaultStartLevel=4 -Declipse.product=org.eclipse.jdt.ls.core.product -Djava.import.generatesMetadataFilesAtProjectRoot=false -DDetectVMInstallationsJob.disabled=true -Dfile.encoding=utf8 -XX:+UseParallelGC -XX:GCTimeRatio=4 -XX:AdaptiveSizePolicyWeight=90 -Dsun.zip.disableMemoryMapping=true -Xmx2G -Xms100m -Xlog:disable -javaagent:c:\Users\aksar\.vscode\extensions\redhat.java-1.49.0-win32-x64\lombok\lombok-1.18.39-4050.jar c:\Users\aksar\.vscode\extensions\redhat.java-1.49.0-win32-x64\server\plugins\org.eclipse.equinox.launcher_1.7.100.v20251111-0406.jar -configuration c:\Users\aksar\AppData\Roaming\Code\User\globalStorage\redhat.java\1.49.0\config_ss_win -data c:\Users\aksar\AppData\Roaming\Code\User\workspaceStorage\a13022a768f355cec2ca02689a800327\redhat.java\ss_ws --pipe=\\.\pipe\lsp-2f2587186283dbb406b928cf29e948ff-sock

Host: 11th Gen Intel(R) Core(TM) i5-11400H @ 2.70GHz, 12 cores, 15G,  Windows 11 , 64 bit Build 26100 (10.0.26100.5074)
Time: Fri Nov 21 10:41:09 2025 T僡kiye Standart Saati elapsed time: 15.355771 seconds (0d 0h 0m 15s)

---------------  T H R E A D  ---------------

Current thread (0x000002955f9693f0):  JavaThread "C2 CompilerThread2" daemon [_thread_in_native, id=15692, stack(0x0000009a49f00000,0x0000009a4a000000) (1024K)]


Current CompileTask:
C2:15355 7141   !   4       org.eclipse.jdt.internal.core.JavaProject$ModuleLookup::getModule (102 bytes)

Stack: [0x0000009a49f00000,0x0000009a4a000000]
Native frames: (J=compiled Java code, j=interpreted, Vv=VM code, C=native code)
V  [jvm.dll+0x6d6e29]
V  [jvm.dll+0x8b4b76]
V  [jvm.dll+0x8b712e]
V  [jvm.dll+0x8b7813]
V  [jvm.dll+0x283d86]
V  [jvm.dll+0xc66ed]
V  [jvm.dll+0xc6c31]
V  [jvm.dll+0x3be501]
V  [jvm.dll+0x38ab92]
V  [jvm.dll+0x389fda]
V  [jvm.dll+0x24bfa0]
V  [jvm.dll+0x24b580]
V  [jvm.dll+0x1cb13e]
V  [jvm.dll+0x25b29d]
V  [jvm.dll+0x25982a]
V  [jvm.dll+0x3f7ea6]
V  [jvm.dll+0x85e9ad]
V  [jvm.dll+0x6d565d]
C  [ucrtbase.dll+0x37b0]
C  [KERNEL32.DLL+0x2e8d7]
C  [ntdll.dll+0x8d9c]


---------------  P R O C E S S  ---------------

Threads class SMR info:
_java_thread_list=0x00000295658f22a0, length=42, elements={
0x0000029546745280, 0x00000295467ed3e0, 0x00000295466e9880, 0x00000295467eec50,
0x00000295467f17b0, 0x00000295467f37f0, 0x00000295467f5840, 0x000002955e441f80,
0x000002955e446640, 0x000002955e636a10, 0x000002955f4b3ca0, 0x0000029564026090,
0x000002955f8c2a50, 0x000002955f7e0820, 0x000002955f5b50d0, 0x000002955f87c0c0,
0x00000295645895d0, 0x000002956458b200, 0x0000029564394e70, 0x0000029564a7a5b0,
0x0000029564a7c680, 0x0000029564a7b960, 0x0000029564a7bff0, 0x0000029564a7b2d0,
0x0000029564a79200, 0x0000029564a7ac40, 0x0000029564a79890, 0x0000029564a79f20,
0x00000295641ee9b0, 0x00000295641ecf70, 0x00000295641ee320, 0x00000295641efd60,
0x00000295641ed600, 0x00000295641ef040, 0x00000295641ef6d0, 0x00000295641ec8e0,
0x00000295641f03f0, 0x00000295641f0a80, 0x00000295641f1110, 0x00000295641edc90,
0x0000029565a3c630, 0x000002955f9693f0
}

Java Threads: ( => current thread )
  0x0000029546745280 JavaThread "main"                              [_thread_blocked, id=36040, stack(0x0000009a46800000,0x0000009a46900000) (1024K)]
  0x00000295467ed3e0 JavaThread "Reference Handler"          daemon [_thread_blocked, id=13412, stack(0x0000009a46c00000,0x0000009a46d00000) (1024K)]
  0x00000295466e9880 JavaThread "Finalizer"                  daemon [_thread_blocked, id=30724, stack(0x0000009a46d00000,0x0000009a46e00000) (1024K)]
  0x00000295467eec50 JavaThread "Signal Dispatcher"          daemon [_thread_blocked, id=33780, stack(0x0000009a46e00000,0x0000009a46f00000) (1024K)]
  0x00000295467f17b0 JavaThread "Attach Listener"            daemon [_thread_blocked, id=34228, stack(0x0000009a46f00000,0x0000009a47000000) (1024K)]
  0x00000295467f37f0 JavaThread "Service Thread"             daemon [_thread_blocked, id=7604, stack(0x0000009a47000000,0x0000009a47100000) (1024K)]
  0x00000295467f5840 JavaThread "Monitor Deflation Thread"   daemon [_thread_blocked, id=16452, stack(0x0000009a47100000,0x0000009a47200000) (1024K)]
  0x000002955e441f80 JavaThread "C2 CompilerThread0"         daemon [_thread_blocked, id=11684, stack(0x0000009a47200000,0x0000009a47300000) (1024K)]
  0x000002955e446640 JavaThread "C1 CompilerThread0"         daemon [_thread_blocked, id=13276, stack(0x0000009a47300000,0x0000009a47400000) (1024K)]
  0x000002955e636a10 JavaThread "Common-Cleaner"             daemon [_thread_blocked, id=29892, stack(0x0000009a47500000,0x0000009a47600000) (1024K)]
  0x000002955f4b3ca0 JavaThread "Notification Thread"        daemon [_thread_blocked, id=1872, stack(0x0000009a47600000,0x0000009a47700000) (1024K)]
  0x0000029564026090 JavaThread "Active Thread: Equinox Container: 13d2a87f-98c2-4141-abfc-ebde53530670"        [_thread_blocked, id=32208, stack(0x0000009a47e00000,0x0000009a47f00000) (1024K)]
  0x000002955f8c2a50 JavaThread "Framework Event Dispatcher: Equinox Container: 13d2a87f-98c2-4141-abfc-ebde53530670" daemon [_thread_blocked, id=36228, stack(0x0000009a47f00000,0x0000009a48000000) (1024K)]
  0x000002955f7e0820 JavaThread "Start Level: Equinox Container: 13d2a87f-98c2-4141-abfc-ebde53530670" daemon [_thread_blocked, id=33496, stack(0x0000009a48000000,0x0000009a48100000) (1024K)]
  0x000002955f5b50d0 JavaThread "SCR Component Actor"        daemon [_thread_blocked, id=9896, stack(0x0000009a47700000,0x0000009a47800000) (1024K)]
  0x000002955f87c0c0 JavaThread "Worker-JM"                         [_thread_blocked, id=2288, stack(0x0000009a48200000,0x0000009a48300000) (1024K)]
  0x00000295645895d0 JavaThread "JNA Cleaner"                daemon [_thread_blocked, id=2460, stack(0x0000009a48500000,0x0000009a48600000) (1024K)]
  0x000002956458b200 JavaThread "Worker-0"                          [_thread_blocked, id=25688, stack(0x0000009a48600000,0x0000009a48700000) (1024K)]
  0x0000029564394e70 JavaThread "Worker-1"                          [_thread_blocked, id=19108, stack(0x0000009a48700000,0x0000009a48800000) (1024K)]
  0x0000029564a7a5b0 JavaThread "Thread-1"                   daemon [_thread_in_native, id=5436, stack(0x0000009a48a00000,0x0000009a48b00000) (1024K)]
  0x0000029564a7c680 JavaThread "Thread-2"                   daemon [_thread_in_native, id=20564, stack(0x0000009a48b00000,0x0000009a48c00000) (1024K)]
  0x0000029564a7b960 JavaThread "Thread-3"                   daemon [_thread_in_native, id=9428, stack(0x0000009a48c00000,0x0000009a48d00000) (1024K)]
  0x0000029564a7bff0 JavaThread "Thread-4"                   daemon [_thread_in_native, id=34144, stack(0x0000009a48d00000,0x0000009a48e00000) (1024K)]
  0x0000029564a7b2d0 JavaThread "Thread-5"                   daemon [_thread_in_native, id=33724, stack(0x0000009a48e00000,0x0000009a48f00000) (1024K)]
  0x0000029564a79200 JavaThread "Thread-6"                   daemon [_thread_in_native, id=10644, stack(0x0000009a48f00000,0x0000009a49000000) (1024K)]
  0x0000029564a7ac40 JavaThread "Thread-7"                   daemon [_thread_in_native, id=30872, stack(0x0000009a49000000,0x0000009a49100000) (1024K)]
  0x0000029564a79890 JavaThread "Thread-8"                   daemon [_thread_in_native, id=27224, stack(0x0000009a49100000,0x0000009a49200000) (1024K)]
  0x0000029564a79f20 JavaThread "Thread-9"                   daemon [_thread_in_native, id=20764, stack(0x0000009a49200000,0x0000009a49300000) (1024K)]
  0x00000295641ee9b0 JavaThread "Thread-10"                  daemon [_thread_in_native, id=5720, stack(0x0000009a49300000,0x0000009a49400000) (1024K)]
  0x00000295641ecf70 JavaThread "Thread-11"                  daemon [_thread_in_native, id=19196, stack(0x0000009a49400000,0x0000009a49500000) (1024K)]
  0x00000295641ee320 JavaThread "Thread-12"                  daemon [_thread_in_native, id=10104, stack(0x0000009a49500000,0x0000009a49600000) (1024K)]
  0x00000295641efd60 JavaThread "Thread-13"                  daemon [_thread_in_native, id=24600, stack(0x0000009a49600000,0x0000009a49700000) (1024K)]
  0x00000295641ed600 JavaThread "pool-2-thread-1"                   [_thread_blocked, id=8272, stack(0x0000009a49700000,0x0000009a49800000) (1024K)]
  0x00000295641ef040 JavaThread "Worker-2"                          [_thread_blocked, id=25488, stack(0x0000009a49800000,0x0000009a49900000) (1024K)]
  0x00000295641ef6d0 JavaThread "WorkspaceEventsHandler"            [_thread_blocked, id=8388, stack(0x0000009a49900000,0x0000009a49a00000) (1024K)]
  0x00000295641ec8e0 JavaThread "pool-1-thread-1"                   [_thread_blocked, id=33276, stack(0x0000009a49a00000,0x0000009a49b00000) (1024K)]
  0x00000295641f03f0 JavaThread "ForkJoinPool.commonPool-worker-1" daemon [_thread_blocked, id=2232, stack(0x0000009a47400000,0x0000009a47500000) (1024K)]
  0x00000295641f0a80 JavaThread "ForkJoinPool.commonPool-worker-2" daemon [_thread_blocked, id=30656, stack(0x0000009a49b00000,0x0000009a49c00000) (1024K)]
  0x00000295641f1110 JavaThread "ForkJoinPool.commonPool-worker-3" daemon [_thread_blocked, id=29828, stack(0x0000009a49c00000,0x0000009a49d00000) (1024K)]
  0x00000295641edc90 JavaThread "ForkJoinPool.commonPool-worker-4" daemon [_thread_blocked, id=16776, stack(0x0000009a49d00000,0x0000009a49e00000) (1024K)]
  0x0000029565a3c630 JavaThread "C2 CompilerThread1"         daemon [_thread_in_native, id=20724, stack(0x0000009a49e00000,0x0000009a49f00000) (1024K)]
=>0x000002955f9693f0 JavaThread "C2 CompilerThread2"         daemon [_thread_in_native, id=15692, stack(0x0000009a49f00000,0x0000009a4a000000) (1024K)]
Total: 42

Other Threads:
  0x00000295467e4b50 VMThread "VM Thread"                           [id=28520, stack(0x0000009a46b00000,0x0000009a46c00000) (1024K)]
  0x00000295467b12e0 WatcherThread "VM Periodic Task Thread"        [id=33056, stack(0x0000009a46a00000,0x0000009a46b00000) (1024K)]
  0x0000029546763d80 WorkerThread "GC Thread#0"                     [id=3904, stack(0x0000009a46900000,0x0000009a46a00000) (1024K)]
  0x000002955f4d7300 WorkerThread "GC Thread#1"                     [id=35944, stack(0x0000009a47800000,0x0000009a47900000) (1024K)]
  0x000002955f93e220 WorkerThread "GC Thread#2"                     [id=34136, stack(0x0000009a47900000,0x0000009a47a00000) (1024K)]
  0x000002955f93e5c0 WorkerThread "GC Thread#3"                     [id=4764, stack(0x0000009a47a00000,0x0000009a47b00000) (1024K)]
  0x000002955f93e960 WorkerThread "GC Thread#4"                     [id=5688, stack(0x0000009a47b00000,0x0000009a47c00000) (1024K)]
  0x000002955f8dc410 WorkerThread "GC Thread#5"                     [id=6796, stack(0x0000009a47c00000,0x0000009a47d00000) (1024K)]
  0x000002955f8dc7b0 WorkerThread "GC Thread#6"                     [id=2248, stack(0x0000009a47d00000,0x0000009a47e00000) (1024K)]
  0x000002955f9c99c0 WorkerThread "GC Thread#7"                     [id=9736, stack(0x0000009a48100000,0x0000009a48200000) (1024K)]
  0x000002955f490ab0 WorkerThread "GC Thread#8"                     [id=11476, stack(0x0000009a48300000,0x0000009a48400000) (1024K)]
  0x0000029564342db0 WorkerThread "GC Thread#9"                     [id=24024, stack(0x0000009a48400000,0x0000009a48500000) (1024K)]
Total: 12

Threads with active compile tasks:
C2 CompilerThread1  15374 7140       4       org.eclipse.jdt.internal.core.JavaProject$ModuleLookup::addTransitive (71 bytes)
C2 CompilerThread2  15374 7141   !   4       org.eclipse.jdt.internal.core.JavaProject$ModuleLookup::getModule (102 bytes)
Total: 2

VM state: not at safepoint (normal execution)

VM Mutex/Monitor currently owned by a thread: None

Heap address: 0x0000000080000000, size: 2048 MB, Compressed Oops mode: 32-bit

CDS archive(s) mapped at: [0x0000029500000000-0x0000029500ba0000-0x0000029500ba0000), size 12189696, SharedBaseAddress: 0x0000029500000000, ArchiveRelocationMode: 1.
Compressed class space mapped at: 0x0000029501000000-0x0000029541000000, reserved size: 1073741824
Narrow klass base: 0x0000029500000000, Narrow klass shift: 0, Narrow klass range: 0x100000000

GC Precious Log:
 CardTable entry size: 512
 CPUs: 12 total, 12 available
 Memory: 16105M
 Large Page Support: Disabled
 NUMA Support: Disabled
 Compressed Oops: Enabled (32-bit)
 Alignments: Space 512K, Generation 512K, Heap 2M
 Heap Min Capacity: 100M
 Heap Initial Capacity: 100M
 Heap Max Capacity: 2G
 Pre-touch: Disabled
 Parallel Workers: 10

Heap:
 PSYoungGen      total 20992K, used 19904K [0x00000000d5580000, 0x00000000d7200000, 0x0000000100000000)
  eden space 20480K, 95% used [0x00000000d5580000,0x00000000d68983b0,0x00000000d6980000)
  from space 512K, 68% used [0x00000000d7180000,0x00000000d71d8000,0x00000000d7200000)
  to   space 1024K, 0% used [0x00000000d7000000,0x00000000d7000000,0x00000000d7100000)
 ParOldGen       total 68608K, used 33198K [0x0000000080000000, 0x0000000084300000, 0x00000000d5580000)
  object space 68608K, 48% used [0x0000000080000000,0x000000008206bb68,0x0000000084300000)
 Metaspace       used 42759K, committed 43840K, reserved 1114112K
  class space    used 4261K, committed 4736K, reserved 1048576K

Card table byte_map: [0x00000295460e0000,0x00000295464f0000] _byte_map_base: 0x0000029545ce0000

Marking Bits: (ParMarkBitMap*) 0x00007ff84b662460
 Begin Bits: [0x0000029558bf0000, 0x000002955abf0000)
 End Bits:   [0x000002955abf0000, 0x000002955cbf0000)

Polling page: 0x0000029544570000

Metaspace:

Usage:
  Non-class:     37.60 MB used.
      Class:      4.16 MB used.
       Both:     41.76 MB used.

Virtual space:
  Non-class space:       64.00 MB reserved,      38.19 MB ( 60%) committed,  1 nodes.
      Class space:        1.00 GB reserved,       4.62 MB ( <1%) committed,  1 nodes.
             Both:        1.06 GB reserved,      42.81 MB (  4%) committed. 

Chunk freelists:
   Non-Class:  9.08 MB
       Class:  11.37 MB
        Both:  20.45 MB

MaxMetaspaceSize: unlimited
CompressedClassSpaceSize: 1.00 GB
Initial GC threshold: 21.00 MB
Current GC threshold: 58.38 MB
CDS: on
 - commit_granule_bytes: 65536.
 - commit_granule_words: 8192.
 - virtual_space_node_default_size: 8388608.
 - enlarge_chunks_in_place: 1.
 - use_allocation_guard: 0.


Internal statistics:

num_allocs_failed_limit: 6.
num_arena_births: 1112.
num_arena_deaths: 152.
num_vsnodes_births: 2.
num_vsnodes_deaths: 0.
num_space_committed: 685.
num_space_uncommitted: 0.
num_chunks_returned_to_freelist: 219.
num_chunks_taken_from_freelist: 3203.
num_chunk_merges: 69.
num_chunk_splits: 1866.
num_chunks_enlarged: 1013.
num_inconsistent_stats: 0.

CodeHeap 'non-profiled nmethods': size=120000Kb used=4722Kb max_used=4722Kb free=115277Kb
 bounds [0x0000029551410000, 0x00000295518b0000, 0x0000029558940000]
CodeHeap 'profiled nmethods': size=120000Kb used=15925Kb max_used=15925Kb free=104074Kb
 bounds [0x0000029549940000, 0x000002954a8d0000, 0x0000029550e70000]
CodeHeap 'non-nmethods': size=5760Kb used=1410Kb max_used=1495Kb free=4350Kb
 bounds [0x0000029550e70000, 0x00000295510e0000, 0x0000029551410000]
CodeCache: size=245760Kb, used=22057Kb, max_used=22142Kb, free=223701Kb
 total_blobs=7609, nmethods=6900, adapters=615, full_count=0
Compilation: enabled, stopped_count=0, restarted_count=0

Compilation events (20 events):
Event: 14.198 Thread 0x000002955e446640 7288       1       org.eclipse.lsp4j.jsonrpc.messages.Message::getJsonrpc (5 bytes)
Event: 14.198 Thread 0x000002955e446640 nmethod 7288 0x000002955189d810 code [0x000002955189d9a0, 0x000002955189da68]
Event: 14.200 Thread 0x000002955e446640 7289       3       org.eclipse.jdt.internal.core.JavaProject::filterLimitedModules (179 bytes)
Event: 14.202 Thread 0x000002955e446640 nmethod 7289 0x000002954a8c7710 code [0x000002954a8c7ae0, 0x000002954a8c94f0]
Event: 14.202 Thread 0x000002955e446640 7290       3       org.eclipse.core.runtime.Status::<init> (48 bytes)
Event: 14.203 Thread 0x000002955e446640 nmethod 7290 0x000002954a8c9e90 code [0x000002954a8ca0c0, 0x000002954a8caac8]
Event: 14.208 Thread 0x000002955e446640 7291       3       org.eclipse.core.runtime.SubMonitor::consume (134 bytes)
Event: 14.208 Thread 0x000002955e446640 nmethod 7291 0x000002954a8cae10 code [0x000002954a8cb020, 0x000002954a8cb480]
Event: 14.217 Thread 0x000002955e446640 7292       3       org.eclipse.jdt.internal.core.PackageFragmentRoot::calculateHashCode (18 bytes)
Event: 14.218 Thread 0x000002955e446640 nmethod 7292 0x000002954a8cb590 code [0x000002954a8cb7e0, 0x000002954a8cc340]
Event: 14.220 Thread 0x000002955e446640 7293       3       com.google.gson.stream.JsonWriter::beginObject (12 bytes)
Event: 14.221 Thread 0x000002955e446640 nmethod 7293 0x000002954a8cc610 code [0x000002954a8cc820, 0x000002954a8ccc20]
Event: 14.221 Thread 0x000002955e446640 7294       3       com.google.gson.stream.JsonWriter::endObject (9 bytes)
Event: 14.221 Thread 0x000002955e446640 nmethod 7294 0x000002954a8cce10 code [0x000002954a8ccfc0, 0x000002954a8cd110]
Event: 14.222 Thread 0x000002955e446640 7295       3       org.eclipse.core.runtime.jobs.Job::getJobGroup (5 bytes)
Event: 14.223 Thread 0x000002955e446640 nmethod 7295 0x000002954a8cd190 code [0x000002954a8cd320, 0x000002954a8cd440]
Event: 14.316 Thread 0x000002955e441f80 nmethod 7150 0x000002955189db10 code [0x000002955189e0a0, 0x00000295518a4880]
Event: 14.319 Thread 0x000002955e441f80 7264       4       org.eclipse.jdt.internal.core.JavaElement::getChildren (26 bytes)
Event: 14.328 Thread 0x000002955e441f80 nmethod 7264 0x00000295518a7390 code [0x00000295518a7620, 0x00000295518a7e30]
Event: 14.328 Thread 0x000002955e441f80 7185       4       org.eclipse.jdt.internal.core.PackageFragmentRoot::equals (58 bytes)

GC Heap History (20 events):
Event: 5.463 GC heap before
{Heap before GC invocations=21 (full 2):
 PSYoungGen      total 22528K, used 20991K [0x00000000d5580000, 0x00000000d6d80000, 0x0000000100000000)
  eden space 20992K, 99% used [0x00000000d5580000,0x00000000d69fffc8,0x00000000d6a00000)
  from space 1536K, 0% used [0x00000000d6c00000,0x00000000d6c00000,0x00000000d6d80000)
  to   space 1536K, 0% used [0x00000000d6a80000,0x00000000d6a80000,0x00000000d6c00000)
 ParOldGen       total 68608K, used 28585K [0x0000000080000000, 0x0000000084300000, 0x00000000d5580000)
  object space 68608K, 41% used [0x0000000080000000,0x0000000081bea470,0x0000000084300000)
 Metaspace       used 35669K, committed 36608K, reserved 1114112K
  class space    used 3654K, committed 4032K, reserved 1048576K
}
Event: 5.464 GC heap after
{Heap after GC invocations=21 (full 2):
 PSYoungGen      total 22016K, used 512K [0x00000000d5580000, 0x00000000d6c80000, 0x0000000100000000)
  eden space 20992K, 0% used [0x00000000d5580000,0x00000000d5580000,0x00000000d6a00000)
  from space 1024K, 50% used [0x00000000d6a80000,0x00000000d6b00010,0x00000000d6b80000)
  to   space 1024K, 0% used [0x00000000d6b80000,0x00000000d6b80000,0x00000000d6c80000)
 ParOldGen       total 68608K, used 28593K [0x0000000080000000, 0x0000000084300000, 0x00000000d5580000)
  object space 68608K, 41% used [0x0000000080000000,0x0000000081bec470,0x0000000084300000)
 Metaspace       used 35669K, committed 36608K, reserved 1114112K
  class space    used 3654K, committed 4032K, reserved 1048576K
}
Event: 5.707 GC heap before
{Heap before GC invocations=22 (full 2):
 PSYoungGen      total 22016K, used 21504K [0x00000000d5580000, 0x00000000d6c80000, 0x0000000100000000)
  eden space 20992K, 100% used [0x00000000d5580000,0x00000000d6a00000,0x00000000d6a00000)
  from space 1024K, 50% used [0x00000000d6a80000,0x00000000d6b00010,0x00000000d6b80000)
  to   space 1024K, 0% used [0x00000000d6b80000,0x00000000d6b80000,0x00000000d6c80000)
 ParOldGen       total 68608K, used 28593K [0x0000000080000000, 0x0000000084300000, 0x00000000d5580000)
  object space 68608K, 41% used [0x0000000080000000,0x0000000081bec470,0x0000000084300000)
 Metaspace       used 36801K, committed 37824K, reserved 1114112K
  class space    used 3756K, committed 4160K, reserved 1048576K
}
Event: 5.708 GC heap after
{Heap after GC invocations=22 (full 2):
 PSYoungGen      total 21504K, used 997K [0x00000000d5580000, 0x00000000d6e00000, 0x0000000100000000)
  eden space 20480K, 0% used [0x00000000d5580000,0x00000000d5580000,0x00000000d6980000)
  from space 1024K, 97% used [0x00000000d6b80000,0x00000000d6c797e0,0x00000000d6c80000)
  to   space 2048K, 0% used [0x00000000d6980000,0x00000000d6980000,0x00000000d6b80000)
 ParOldGen       total 68608K, used 29311K [0x0000000080000000, 0x0000000084300000, 0x00000000d5580000)
  object space 68608K, 42% used [0x0000000080000000,0x0000000081c9fe88,0x0000000084300000)
 Metaspace       used 36801K, committed 37824K, reserved 1114112K
  class space    used 3756K, committed 4160K, reserved 1048576K
}
Event: 5.760 GC heap before
{Heap before GC invocations=23 (full 2):
 PSYoungGen      total 21504K, used 21477K [0x00000000d5580000, 0x00000000d6e00000, 0x0000000100000000)
  eden space 20480K, 100% used [0x00000000d5580000,0x00000000d6980000,0x00000000d6980000)
  from space 1024K, 97% used [0x00000000d6b80000,0x00000000d6c797e0,0x00000000d6c80000)
  to   space 2048K, 0% used [0x00000000d6980000,0x00000000d6980000,0x00000000d6b80000)
 ParOldGen       total 68608K, used 29311K [0x0000000080000000, 0x0000000084300000, 0x00000000d5580000)
  object space 68608K, 42% used [0x0000000080000000,0x0000000081c9fe88,0x0000000084300000)
 Metaspace       used 36812K, committed 37824K, reserved 1114112K
  class space    used 3756K, committed 4160K, reserved 1048576K
}
Event: 6.755 GC heap after
{Heap after GC invocations=23 (full 2):
 PSYoungGen      total 22528K, used 585K [0x00000000d5580000, 0x00000000d7380000, 0x0000000100000000)
  eden space 20480K, 0% used [0x00000000d5580000,0x00000000d5580000,0x00000000d6980000)
  from space 2048K, 28% used [0x00000000d6980000,0x00000000d6a127e8,0x00000000d6b80000)
  to   space 1024K, 0% used [0x00000000d7280000,0x00000000d7280000,0x00000000d7380000)
 ParOldGen       total 68608K, used 30021K [0x0000000080000000, 0x0000000084300000, 0x00000000d5580000)
  object space 68608K, 43% used [0x0000000080000000,0x0000000081d51578,0x0000000084300000)
 Metaspace       used 36812K, committed 37824K, reserved 1114112K
  class space    used 3756K, committed 4160K, reserved 1048576K
}
Event: 7.318 GC heap before
{Heap before GC invocations=24 (full 2):
 PSYoungGen      total 22528K, used 21065K [0x00000000d5580000, 0x00000000d7380000, 0x0000000100000000)
  eden space 20480K, 100% used [0x00000000d5580000,0x00000000d6980000,0x00000000d6980000)
  from space 2048K, 28% used [0x00000000d6980000,0x00000000d6a127e8,0x00000000d6b80000)
  to   space 1024K, 0% used [0x00000000d7280000,0x00000000d7280000,0x00000000d7380000)
 ParOldGen       total 68608K, used 30021K [0x0000000080000000, 0x0000000084300000, 0x00000000d5580000)
  object space 68608K, 43% used [0x0000000080000000,0x0000000081d51578,0x0000000084300000)
 Metaspace       used 38868K, committed 39872K, reserved 1114112K
  class space    used 3948K, committed 4416K, reserved 1048576K
}
Event: 7.319 GC heap after
{Heap after GC invocations=24 (full 2):
 PSYoungGen      total 21504K, used 1024K [0x00000000d5580000, 0x00000000d7380000, 0x0000000100000000)
  eden space 20480K, 0% used [0x00000000d5580000,0x00000000d5580000,0x00000000d6980000)
  from space 1024K, 100% used [0x00000000d7280000,0x00000000d7380000,0x00000000d7380000)
  to   space 1536K, 0% used [0x00000000d7080000,0x00000000d7080000,0x00000000d7200000)
 ParOldGen       total 68608K, used 30101K [0x0000000080000000, 0x0000000084300000, 0x00000000d5580000)
  object space 68608K, 43% used [0x0000000080000000,0x0000000081d65578,0x0000000084300000)
 Metaspace       used 38868K, committed 39872K, reserved 1114112K
  class space    used 3948K, committed 4416K, reserved 1048576K
}
Event: 7.819 GC heap before
{Heap before GC invocations=25 (full 2):
 PSYoungGen      total 21504K, used 21504K [0x00000000d5580000, 0x00000000d7380000, 0x0000000100000000)
  eden space 20480K, 100% used [0x00000000d5580000,0x00000000d6980000,0x00000000d6980000)
  from space 1024K, 100% used [0x00000000d7280000,0x00000000d7380000,0x00000000d7380000)
  to   space 1536K, 0% used [0x00000000d7080000,0x00000000d7080000,0x00000000d7200000)
 ParOldGen       total 68608K, used 30101K [0x0000000080000000, 0x0000000084300000, 0x00000000d5580000)
  object space 68608K, 43% used [0x0000000080000000,0x0000000081d65578,0x0000000084300000)
 Metaspace       used 39611K, committed 40576K, reserved 1114112K
  class space    used 4038K, committed 4480K, reserved 1048576K
}
Event: 7.821 GC heap after
{Heap after GC invocations=25 (full 2):
 PSYoungGen      total 22016K, used 640K [0x00000000d5580000, 0x00000000d7300000, 0x0000000100000000)
  eden space 20480K, 0% used [0x00000000d5580000,0x00000000d5580000,0x00000000d6980000)
  from space 1536K, 41% used [0x00000000d7080000,0x00000000d7120000,0x00000000d7200000)
  to   space 1024K, 0% used [0x00000000d7200000,0x00000000d7200000,0x00000000d7300000)
 ParOldGen       total 68608K, used 30769K [0x0000000080000000, 0x0000000084300000, 0x00000000d5580000)
  object space 68608K, 44% used [0x0000000080000000,0x0000000081e0c418,0x0000000084300000)
 Metaspace       used 39611K, committed 40576K, reserved 1114112K
  class space    used 4038K, committed 4480K, reserved 1048576K
}
Event: 8.088 GC heap before
{Heap before GC invocations=26 (full 2):
 PSYoungGen      total 22016K, used 21120K [0x00000000d5580000, 0x00000000d7300000, 0x0000000100000000)
  eden space 20480K, 100% used [0x00000000d5580000,0x00000000d6980000,0x00000000d6980000)
  from space 1536K, 41% used [0x00000000d7080000,0x00000000d7120000,0x00000000d7200000)
  to   space 1024K, 0% used [0x00000000d7200000,0x00000000d7200000,0x00000000d7300000)
 ParOldGen       total 68608K, used 30769K [0x0000000080000000, 0x0000000084300000, 0x00000000d5580000)
  object space 68608K, 44% used [0x0000000080000000,0x0000000081e0c418,0x0000000084300000)
 Metaspace       used 40009K, committed 41024K, reserved 1114112K
  class space    used 4066K, committed 4480K, reserved 1048576K
}
Event: 8.090 GC heap after
{Heap after GC invocations=26 (full 2):
 PSYoungGen      total 20992K, used 512K [0x00000000d5580000, 0x00000000d7280000, 0x0000000100000000)
  eden space 20480K, 0% used [0x00000000d5580000,0x00000000d5580000,0x00000000d6980000)
  from space 512K, 100% used [0x00000000d7200000,0x00000000d7280000,0x00000000d7280000)
  to   space 1024K, 0% used [0x00000000d7080000,0x00000000d7080000,0x00000000d7180000)
 ParOldGen       total 68608K, used 31089K [0x0000000080000000, 0x0000000084300000, 0x00000000d5580000)
  object space 68608K, 45% used [0x0000000080000000,0x0000000081e5c418,0x0000000084300000)
 Metaspace       used 40009K, committed 41024K, reserved 1114112K
  class space    used 4066K, committed 4480K, reserved 1048576K
}
Event: 8.460 GC heap before
{Heap before GC invocations=27 (full 2):
 PSYoungGen      total 20992K, used 20992K [0x00000000d5580000, 0x00000000d7280000, 0x0000000100000000)
  eden space 20480K, 100% used [0x00000000d5580000,0x00000000d6980000,0x00000000d6980000)
  from space 512K, 100% used [0x00000000d7200000,0x00000000d7280000,0x00000000d7280000)
  to   space 1024K, 0% used [0x00000000d7080000,0x00000000d7080000,0x00000000d7180000)
 ParOldGen       total 68608K, used 31089K [0x0000000080000000, 0x0000000084300000, 0x00000000d5580000)
  object space 68608K, 45% used [0x0000000080000000,0x0000000081e5c418,0x0000000084300000)
 Metaspace       used 40307K, committed 41344K, reserved 1114112K
  class space    used 4088K, committed 4544K, reserved 1048576K
}
Event: 8.461 GC heap after
{Heap after GC invocations=27 (full 2):
 PSYoungGen      total 21504K, used 592K [0x00000000d5580000, 0x00000000d7280000, 0x0000000100000000)
  eden space 20480K, 0% used [0x00000000d5580000,0x00000000d5580000,0x00000000d6980000)
  from space 1024K, 57% used [0x00000000d7080000,0x00000000d7114010,0x00000000d7180000)
  to   space 1024K, 0% used [0x00000000d7180000,0x00000000d7180000,0x00000000d7280000)
 ParOldGen       total 68608K, used 31341K [0x0000000080000000, 0x0000000084300000, 0x00000000d5580000)
  object space 68608K, 45% used [0x0000000080000000,0x0000000081e9b5d8,0x0000000084300000)
 Metaspace       used 40307K, committed 41344K, reserved 1114112K
  class space    used 4088K, committed 4544K, reserved 1048576K
}
Event: 11.095 GC heap before
{Heap before GC invocations=28 (full 2):
 PSYoungGen      total 21504K, used 21034K [0x00000000d5580000, 0x00000000d7280000, 0x0000000100000000)
  eden space 20480K, 99% used [0x00000000d5580000,0x00000000d6976ac0,0x00000000d6980000)
  from space 1024K, 57% used [0x00000000d7080000,0x00000000d7114010,0x00000000d7180000)
  to   space 1024K, 0% used [0x00000000d7180000,0x00000000d7180000,0x00000000d7280000)
 ParOldGen       total 68608K, used 31341K [0x0000000080000000, 0x0000000084300000, 0x00000000d5580000)
  object space 68608K, 45% used [0x0000000080000000,0x0000000081e9b5d8,0x0000000084300000)
 Metaspace       used 40681K, committed 41728K, reserved 1114112K
  class space    used 4112K, committed 4544K, reserved 1048576K
}
Event: 11.096 GC heap after
{Heap after GC invocations=28 (full 2):
 PSYoungGen      total 21504K, used 829K [0x00000000d5580000, 0x00000000d7280000, 0x0000000100000000)
  eden space 20480K, 0% used [0x00000000d5580000,0x00000000d5580000,0x00000000d6980000)
  from space 1024K, 80% used [0x00000000d7180000,0x00000000d724f598,0x00000000d7280000)
  to   space 1024K, 0% used [0x00000000d7080000,0x00000000d7080000,0x00000000d7180000)
 ParOldGen       total 68608K, used 31702K [0x0000000080000000, 0x0000000084300000, 0x00000000d5580000)
  object space 68608K, 46% used [0x0000000080000000,0x0000000081ef5940,0x0000000084300000)
 Metaspace       used 40681K, committed 41728K, reserved 1114112K
  class space    used 4112K, committed 4544K, reserved 1048576K
}
Event: 11.892 GC heap before
{Heap before GC invocations=29 (full 2):
 PSYoungGen      total 21504K, used 21309K [0x00000000d5580000, 0x00000000d7280000, 0x0000000100000000)
  eden space 20480K, 99% used [0x00000000d5580000,0x00000000d697ffc8,0x00000000d6980000)
  from space 1024K, 80% used [0x00000000d7180000,0x00000000d724f598,0x00000000d7280000)
  to   space 1024K, 0% used [0x00000000d7080000,0x00000000d7080000,0x00000000d7180000)
 ParOldGen       total 68608K, used 31702K [0x0000000080000000, 0x0000000084300000, 0x00000000d5580000)
  object space 68608K, 46% used [0x0000000080000000,0x0000000081ef5940,0x0000000084300000)
 Metaspace       used 42480K, committed 43520K, reserved 1114112K
  class space    used 4247K, committed 4672K, reserved 1048576K
}
Event: 12.683 GC heap after
{Heap after GC invocations=29 (full 2):
 PSYoungGen      total 21504K, used 1011K [0x00000000d5580000, 0x00000000d7200000, 0x0000000100000000)
  eden space 20480K, 0% used [0x00000000d5580000,0x00000000d5580000,0x00000000d6980000)
  from space 1024K, 98% used [0x00000000d7080000,0x00000000d717cef8,0x00000000d7180000)
  to   space 512K, 0% used [0x00000000d7180000,0x00000000d7180000,0x00000000d7200000)
 ParOldGen       total 68608K, used 32392K [0x0000000080000000, 0x0000000084300000, 0x00000000d5580000)
  object space 68608K, 47% used [0x0000000080000000,0x0000000081fa2308,0x0000000084300000)
 Metaspace       used 42480K, committed 43520K, reserved 1114112K
  class space    used 4247K, committed 4672K, reserved 1048576K
}
Event: 13.031 GC heap before
{Heap before GC invocations=30 (full 2):
 PSYoungGen      total 21504K, used 21487K [0x00000000d5580000, 0x00000000d7200000, 0x0000000100000000)
  eden space 20480K, 99% used [0x00000000d5580000,0x00000000d697ef80,0x00000000d6980000)
  from space 1024K, 98% used [0x00000000d7080000,0x00000000d717cef8,0x00000000d7180000)
  to   space 512K, 0% used [0x00000000d7180000,0x00000000d7180000,0x00000000d7200000)
 ParOldGen       total 68608K, used 32392K [0x0000000080000000, 0x0000000084300000, 0x00000000d5580000)
  object space 68608K, 47% used [0x0000000080000000,0x0000000081fa2308,0x0000000084300000)
 Metaspace       used 42682K, committed 43840K, reserved 1114112K
  class space    used 4260K, committed 4736K, reserved 1048576K
}
Event: 13.032 GC heap after
{Heap after GC invocations=30 (full 2):
 PSYoungGen      total 20992K, used 352K [0x00000000d5580000, 0x00000000d7200000, 0x0000000100000000)
  eden space 20480K, 0% used [0x00000000d5580000,0x00000000d5580000,0x00000000d6980000)
  from space 512K, 68% used [0x00000000d7180000,0x00000000d71d8000,0x00000000d7200000)
  to   space 1024K, 0% used [0x00000000d7000000,0x00000000d7000000,0x00000000d7100000)
 ParOldGen       total 68608K, used 33198K [0x0000000080000000, 0x0000000084300000, 0x00000000d5580000)
  object space 68608K, 48% used [0x0000000080000000,0x000000008206bb68,0x0000000084300000)
 Metaspace       used 42682K, committed 43840K, reserved 1114112K
  class space    used 4260K, committed 4736K, reserved 1048576K
}

Dll operation events (10 events):
Event: 0.010 Loaded shared library c:\Users\aksar\.vscode\extensions\redhat.java-1.49.0-win32-x64\jre\21.0.9-win32-x86_64\bin\java.dll
Event: 0.039 Loaded shared library c:\Users\aksar\.vscode\extensions\redhat.java-1.49.0-win32-x64\jre\21.0.9-win32-x86_64\bin\zip.dll
Event: 0.102 Loaded shared library C:\Users\aksar\.vscode\extensions\redhat.java-1.49.0-win32-x64\jre\21.0.9-win32-x86_64\bin\instrument.dll
Event: 0.109 Loaded shared library C:\Users\aksar\.vscode\extensions\redhat.java-1.49.0-win32-x64\jre\21.0.9-win32-x86_64\bin\net.dll
Event: 0.113 Loaded shared library C:\Users\aksar\.vscode\extensions\redhat.java-1.49.0-win32-x64\jre\21.0.9-win32-x86_64\bin\nio.dll
Event: 0.118 Loaded shared library C:\Users\aksar\.vscode\extensions\redhat.java-1.49.0-win32-x64\jre\21.0.9-win32-x86_64\bin\zip.dll
Event: 0.135 Loaded shared library C:\Users\aksar\.vscode\extensions\redhat.java-1.49.0-win32-x64\jre\21.0.9-win32-x86_64\bin\jimage.dll
Event: 0.202 Loaded shared library c:\Users\aksar\.vscode\extensions\redhat.java-1.49.0-win32-x64\jre\21.0.9-win32-x86_64\bin\verify.dll
Event: 1.057 Loaded shared library C:\Users\aksar\AppData\Roaming\Code\User\globalStorage\redhat.java\1.49.0\config_ss_win\org.eclipse.equinox.launcher\org.eclipse.equinox.launcher.win32.win32.x86_64_1.2.1400.v20250801-0854\eclipse_11916.dll
Event: 1.761 Loaded shared library C:\Users\aksar\AppData\Local\Temp\jna-92882810\jna9532291123395752324.dll

Deoptimization events (20 events):
Event: 13.026 Thread 0x0000029564394e70 DEOPT PACKING pc=0x000002954a6f94c2 sp=0x0000009a487fe530
Event: 13.026 Thread 0x0000029564394e70 DEOPT UNPACKING pc=0x0000029550ec78e2 sp=0x0000009a487fdaa8 mode 0
Event: 13.042 Thread 0x0000029564394e70 DEOPT PACKING pc=0x000002954a6f94c2 sp=0x0000009a487fe5b0
Event: 13.042 Thread 0x0000029564394e70 DEOPT UNPACKING pc=0x0000029550ec78e2 sp=0x0000009a487fdb28 mode 0
Event: 13.051 Thread 0x0000029564394e70 DEOPT PACKING pc=0x000002954a6f94c2 sp=0x0000009a487fe5b0
Event: 13.051 Thread 0x0000029564394e70 DEOPT UNPACKING pc=0x0000029550ec78e2 sp=0x0000009a487fdb28 mode 0
Event: 13.060 Thread 0x0000029564394e70 DEOPT PACKING pc=0x000002954a6f94c2 sp=0x0000009a487fe530
Event: 13.060 Thread 0x0000029564394e70 DEOPT UNPACKING pc=0x0000029550ec78e2 sp=0x0000009a487fdaa8 mode 0
Event: 13.073 Thread 0x0000029564394e70 DEOPT PACKING pc=0x000002954a6f94c2 sp=0x0000009a487fe5b0
Event: 13.073 Thread 0x0000029564394e70 DEOPT UNPACKING pc=0x0000029550ec78e2 sp=0x0000009a487fdb28 mode 0
Event: 14.089 Thread 0x0000029564394e70 DEOPT PACKING pc=0x000002954a6f94c2 sp=0x0000009a487fe5b0
Event: 14.089 Thread 0x0000029564394e70 DEOPT UNPACKING pc=0x0000029550ec78e2 sp=0x0000009a487fdb28 mode 0
Event: 14.113 Thread 0x0000029564394e70 DEOPT PACKING pc=0x000002954a6f94c2 sp=0x0000009a487fe5b0
Event: 14.113 Thread 0x0000029564394e70 DEOPT UNPACKING pc=0x0000029550ec78e2 sp=0x0000009a487fdb28 mode 0
Event: 14.118 Thread 0x0000029564394e70 DEOPT PACKING pc=0x000002954a6f94c2 sp=0x0000009a487fe530
Event: 14.118 Thread 0x0000029564394e70 DEOPT UNPACKING pc=0x0000029550ec78e2 sp=0x0000009a487fdaa8 mode 0
Event: 14.127 Thread 0x0000029564394e70 DEOPT PACKING pc=0x000002954a6f94c2 sp=0x0000009a487fe5b0
Event: 14.127 Thread 0x0000029564394e70 DEOPT UNPACKING pc=0x0000029550ec78e2 sp=0x0000009a487fdb28 mode 0
Event: 14.132 Thread 0x0000029564394e70 DEOPT PACKING pc=0x000002954a6f94c2 sp=0x0000009a487fe5b0
Event: 14.132 Thread 0x0000029564394e70 DEOPT UNPACKING pc=0x0000029550ec78e2 sp=0x0000009a487fdb28 mode 0

Classes loaded (20 events):
Event: 11.264 Loading class sun/util/logging/resources/logging
Event: 11.264 Loading class sun/util/logging/resources/logging done
Event: 11.264 Loading class sun/util/logging/resources/logging_tr
Event: 11.264 Loading class sun/util/logging/resources/logging_tr done
Event: 11.264 Loading class sun/util/logging/resources/logging_tr
Event: 11.264 Loading class sun/util/logging/resources/logging_tr done
Event: 11.264 Loading class sun/util/logging/resources/logging_tr_TR
Event: 11.264 Loading class sun/util/logging/resources/logging_tr_TR done
Event: 11.264 Loading class sun/util/logging/resources/logging_tr_TR
Event: 11.264 Loading class sun/util/logging/resources/logging_tr_TR done
Event: 11.265 Loading class java/util/Formatter$DateTime
Event: 11.265 Loading class java/util/Formatter$DateTime done
Event: 11.266 Loading class java/time/ZonedDateTime$1
Event: 11.266 Loading class java/time/ZonedDateTime$1 done
Event: 11.425 Loading class java/util/concurrent/CompletionException
Event: 11.425 Loading class java/util/concurrent/CompletionException done
Event: 11.460 Loading class java/lang/UnsupportedClassVersionError
Event: 11.460 Loading class java/lang/UnsupportedClassVersionError done
Event: 11.461 Loading class java/io/FileReader
Event: 11.461 Loading class java/io/FileReader done

Classes unloaded (20 events):
Event: 5.121 Thread 0x00000295467e4b50 Unloading class 0x0000029501392400 'java/lang/invoke/LambdaForm$MH+0x0000029501392400'
Event: 5.121 Thread 0x00000295467e4b50 Unloading class 0x0000029501392800 'java/lang/invoke/LambdaForm$MH+0x0000029501392800'
Event: 5.121 Thread 0x00000295467e4b50 Unloading class 0x0000029501391800 'java/lang/invoke/LambdaForm$MH+0x0000029501391800'
Event: 5.121 Thread 0x00000295467e4b50 Unloading class 0x0000029501391000 'java/lang/invoke/LambdaForm$MH+0x0000029501391000'
Event: 5.121 Thread 0x00000295467e4b50 Unloading class 0x0000029501391400 'java/lang/invoke/LambdaForm$MH+0x0000029501391400'
Event: 5.121 Thread 0x00000295467e4b50 Unloading class 0x0000029501390800 'java/lang/invoke/LambdaForm$MH+0x0000029501390800'
Event: 5.121 Thread 0x00000295467e4b50 Unloading class 0x0000029501390c00 'java/lang/invoke/LambdaForm$MH+0x0000029501390c00'
Event: 5.121 Thread 0x00000295467e4b50 Unloading class 0x0000029501390000 'java/lang/invoke/LambdaForm$MH+0x0000029501390000'
Event: 5.121 Thread 0x00000295467e4b50 Unloading class 0x000002950138f400 'java/lang/invoke/LambdaForm$MH+0x000002950138f400'
Event: 5.121 Thread 0x00000295467e4b50 Unloading class 0x000002950138f000 'java/lang/invoke/LambdaForm$MH+0x000002950138f000'
Event: 5.121 Thread 0x00000295467e4b50 Unloading class 0x000002950138f800 'java/lang/invoke/LambdaForm$MH+0x000002950138f800'
Event: 5.121 Thread 0x00000295467e4b50 Unloading class 0x000002950138e000 'java/lang/invoke/LambdaForm$MH+0x000002950138e000'
Event: 5.121 Thread 0x00000295467e4b50 Unloading class 0x000002950138e400 'java/lang/invoke/LambdaForm$MH+0x000002950138e400'
Event: 5.121 Thread 0x00000295467e4b50 Unloading class 0x000002950138e800 'java/lang/invoke/LambdaForm$MH+0x000002950138e800'
Event: 5.121 Thread 0x00000295467e4b50 Unloading class 0x000002950138dc00 'java/lang/invoke/LambdaForm$MH+0x000002950138dc00'
Event: 5.121 Thread 0x00000295467e4b50 Unloading class 0x000002950138d000 'java/lang/invoke/LambdaForm$MH+0x000002950138d000'
Event: 5.121 Thread 0x00000295467e4b50 Unloading class 0x000002950138d400 'java/lang/invoke/LambdaForm$MH+0x000002950138d400'
Event: 5.121 Thread 0x00000295467e4b50 Unloading class 0x000002950138c800 'java/lang/invoke/LambdaForm$DMH+0x000002950138c800'
Event: 5.121 Thread 0x00000295467e4b50 Unloading class 0x000002950138c400 'java/lang/invoke/LambdaForm$DMH+0x000002950138c400'
Event: 5.121 Thread 0x00000295467e4b50 Unloading class 0x000002950138cc00 'java/lang/invoke/LambdaForm$DMH+0x000002950138cc00'

Classes redefined (0 events):
No events

Internal exceptions (20 events):
Event: 7.122 Thread 0x00000295641f1110 Exception <a 'java/lang/NoSuchMethodError'{0x00000000d64f4c20}: 'java.lang.Object java.lang.invoke.DirectMethodHandle$Holder.invokeSpecial(java.lang.Object, java.lang.Object, java.lang.Object, java.lang.Object, int, java.lang.Object, java.lang.Object)'> (0x00000000d64f4c20) 
thrown [s\src\hotspot\share\interpreter\linkResolver.cpp, line 773]
Event: 7.122 Thread 0x00000295641f03f0 Exception <a 'java/lang/NoSuchMethodError'{0x00000000d64ec7d0}: 'java.lang.Object java.lang.invoke.DirectMethodHandle$Holder.invokeSpecial(java.lang.Object, java.lang.Object, java.lang.Object, java.lang.Object, int, java.lang.Object, java.lang.Object)'> (0x00000000d64ec7d0) 
thrown [s\src\hotspot\share\interpreter\linkResolver.cpp, line 773]
Event: 7.370 Thread 0x00000295641ec8e0 Implicit null exception at 0x000002955169fea3 to 0x00000295516a020c
Event: 7.769 Thread 0x00000295641ec8e0 Exception <a 'java/lang/NoSuchMethodError'{0x00000000d6673818}: 'void java.lang.invoke.DelegatingMethodHandle$Holder.reinvoke_L(java.lang.Object, java.lang.Object, java.lang.Object, int, java.lang.Object, int, int)'> (0x00000000d6673818) 
thrown [s\src\hotspot\share\interpreter\linkResolver.cpp, line 773]
Event: 7.808 Thread 0x00000295641ec8e0 Exception <a 'java/lang/NoSuchMethodError'{0x00000000d68c44b0}: 'java.lang.Object java.lang.invoke.DirectMethodHandle$Holder.invokeStatic(java.lang.Object, java.lang.Object, int, int)'> (0x00000000d68c44b0) 
thrown [s\src\hotspot\share\interpreter\linkResolver.cpp, line 773]
Event: 7.809 Thread 0x00000295641ec8e0 Exception <a 'java/lang/NoSuchMethodError'{0x00000000d68c87c0}: 'java.lang.Object java.lang.invoke.DirectMethodHandle$Holder.invokeSpecial(java.lang.Object, java.lang.Object, java.lang.Object, int, int)'> (0x00000000d68c87c0) 
thrown [s\src\hotspot\share\interpreter\linkResolver.cpp, line 773]
Event: 8.299 Thread 0x00000295641ec8e0 Implicit null exception at 0x00000295516cbac7 to 0x00000295516cc048
Event: 9.342 Thread 0x0000029564394e70 Exception <a 'java/lang/NoSuchMethodError'{0x00000000d63b24d8}: 'java.lang.Object java.lang.invoke.DirectMethodHandle$Holder.invokeSpecial(java.lang.Object, java.lang.Object, int, long)'> (0x00000000d63b24d8) 
thrown [s\src\hotspot\share\interpreter\linkResolver.cpp, line 773]
Event: 11.264 Thread 0x00000295641ec8e0 Exception <a 'java/lang/ClassNotFoundException'{0x00000000d5f4b5c8}: sun/util/logging/resources/spi/loggingProvider> (0x00000000d5f4b5c8) 
thrown [s\src\hotspot\share\classfile\systemDictionary.cpp, line 312]
Event: 11.415 Thread 0x00000295641ec8e0 Exception <a 'java/lang/IncompatibleClassChangeError'{0x00000000d5f8ac78}: Found class java.lang.Object, but interface was expected> (0x00000000d5f8ac78) 
thrown [s\src\hotspot\share\interpreter\linkResolver.cpp, line 840]
Event: 11.423 Thread 0x00000295641ec8e0 Exception <a 'java/lang/IncompatibleClassChangeError'{0x00000000d5f9a5a8}: Found class java.lang.Object, but interface was expected> (0x00000000d5f9a5a8) 
thrown [s\src\hotspot\share\interpreter\linkResolver.cpp, line 840]
Event: 11.484 Thread 0x00000295641f03f0 Exception <a 'java/lang/NoSuchMethodError'{0x00000000d6287720}: 'int java.lang.invoke.Invokers$Holder.invokeExact_MT(java.lang.Object, java.lang.Object)'> (0x00000000d6287720) 
thrown [s\src\hotspot\share\interpreter\linkResolver.cpp, line 773]
Event: 11.489 Thread 0x00000295641f0a80 Exception <a 'java/lang/ArrayIndexOutOfBoundsException'{0x00000000d6266ba0}: Index 5879 out of bounds for length 5878> (0x00000000d6266ba0) 
thrown [s\src\hotspot\share\interpreter\interpreterRuntime.cpp, line 439]
Event: 11.532 Thread 0x00000295641f03f0 Exception <a 'java/lang/NoSuchMethodError'{0x00000000d6427220}: 'int java.lang.invoke.DirectMethodHandle$Holder.invokeInterface(java.lang.Object, java.lang.Object)'> (0x00000000d6427220) 
thrown [s\src\hotspot\share\interpreter\linkResolver.cpp, line 773]
Event: 11.533 Thread 0x00000295641f03f0 Exception <a 'java/lang/IncompatibleClassChangeError'{0x00000000d642a4e0}: Found class java.lang.Object, but interface was expected> (0x00000000d642a4e0) 
thrown [s\src\hotspot\share\interpreter\linkResolver.cpp, line 840]
Event: 12.725 Thread 0x0000029564394e70 Exception <a 'java/io/FileNotFoundException'{0x00000000d562b170}> (0x00000000d562b170) 
thrown [s\src\hotspot\share\prims\jni.cpp, line 520]
Event: 12.726 Thread 0x0000029564394e70 Exception <a 'java/io/FileNotFoundException'{0x00000000d562c4b0}> (0x00000000d562c4b0) 
thrown [s\src\hotspot\share\prims\jni.cpp, line 520]
Event: 12.727 Thread 0x0000029564394e70 Exception <a 'java/io/FileNotFoundException'{0x00000000d562de58}> (0x00000000d562de58) 
thrown [s\src\hotspot\share\prims\jni.cpp, line 520]
Event: 12.728 Thread 0x0000029564394e70 Exception <a 'java/io/FileNotFoundException'{0x00000000d562f808}> (0x00000000d562f808) 
thrown [s\src\hotspot\share\prims\jni.cpp, line 520]
Event: 12.728 Thread 0x0000029564394e70 Exception <a 'java/io/FileNotFoundException'{0x00000000d5630b60}> (0x00000000d5630b60) 
thrown [s\src\hotspot\share\prims\jni.cpp, line 520]

ZGC Phase Switch (0 events):
No events

VM Operations (20 events):
Event: 9.469 Executing VM operation: Cleanup
Event: 9.469 Executing VM operation: Cleanup done
Event: 10.470 Executing VM operation: Cleanup
Event: 10.470 Executing VM operation: Cleanup done
Event: 11.095 Executing VM operation: ParallelGCFailedAllocation (Allocation Failure)
Event: 11.096 Executing VM operation: ParallelGCFailedAllocation (Allocation Failure) done
Event: 11.454 Executing VM operation: HandshakeAllThreads (Deoptimize)
Event: 11.454 Executing VM operation: HandshakeAllThreads (Deoptimize) done
Event: 11.469 Executing VM operation: HandshakeAllThreads (Deoptimize)
Event: 11.469 Executing VM operation: HandshakeAllThreads (Deoptimize) done
Event: 11.805 Executing VM operation: ICBufferFull
Event: 11.805 Executing VM operation: ICBufferFull done
Event: 11.892 Executing VM operation: ParallelGCFailedAllocation (Allocation Failure)
Event: 12.683 Executing VM operation: ParallelGCFailedAllocation (Allocation Failure) done
Event: 13.031 Executing VM operation: ParallelGCFailedAllocation (Allocation Failure)
Event: 13.032 Executing VM operation: ParallelGCFailedAllocation (Allocation Failure) done
Event: 14.043 Executing VM operation: Cleanup
Event: 14.104 Executing VM operation: Cleanup done
Event: 15.117 Executing VM operation: Cleanup
Event: 15.117 Executing VM operation: Cleanup done

Memory protections (0 events):
No events

Nmethod flushes (20 events):
Event: 5.129 Thread 0x00000295467e4b50 flushing  nmethod 0x0000029549c71990
Event: 5.129 Thread 0x00000295467e4b50 flushing  nmethod 0x0000029549c71c90
Event: 5.129 Thread 0x00000295467e4b50 flushing  nmethod 0x0000029549c87910
Event: 5.129 Thread 0x00000295467e4b50 flushing  nmethod 0x0000029549c89f10
Event: 5.129 Thread 0x00000295467e4b50 flushing  nmethod 0x0000029549cf9c90
Event: 5.129 Thread 0x00000295467e4b50 flushing  nmethod 0x0000029549d3a510
Event: 5.129 Thread 0x00000295467e4b50 flushing  nmethod 0x0000029549d3a990
Event: 5.129 Thread 0x00000295467e4b50 flushing  nmethod 0x0000029549d3e110
Event: 5.129 Thread 0x00000295467e4b50 flushing  nmethod 0x0000029549d76410
Event: 5.129 Thread 0x00000295467e4b50 flushing  nmethod 0x0000029549d76e10
Event: 5.129 Thread 0x00000295467e4b50 flushing  nmethod 0x0000029549dc6390
Event: 5.129 Thread 0x00000295467e4b50 flushing  nmethod 0x0000029549dca410
Event: 5.129 Thread 0x00000295467e4b50 flushing  nmethod 0x0000029549dcaa90
Event: 5.129 Thread 0x00000295467e4b50 flushing  nmethod 0x0000029549e06b10
Event: 5.129 Thread 0x00000295467e4b50 flushing  nmethod 0x0000029549e07810
Event: 5.129 Thread 0x00000295467e4b50 flushing  nmethod 0x0000029549e08590
Event: 5.129 Thread 0x00000295467e4b50 flushing  nmethod 0x0000029549e09390
Event: 5.129 Thread 0x00000295467e4b50 flushing  nmethod 0x0000029549e15e90
Event: 5.129 Thread 0x00000295467e4b50 flushing  nmethod 0x0000029549e17410
Event: 5.129 Thread 0x00000295467e4b50 flushing  nmethod 0x0000029549e1c510

Events (20 events):
Event: 3.580 Thread 0x0000029564394e70 Thread added: 0x00000295641ef040
Event: 3.582 Thread 0x0000029546745280 Thread added: 0x00000295641ef6d0
Event: 3.582 Thread 0x0000029546745280 Thread added: 0x00000295641ec8e0
Event: 4.123 Thread 0x000002955e636370 Thread exited: 0x000002955e636370
Event: 4.143 Thread 0x00000295641ec8e0 Thread added: 0x00000295641f03f0
Event: 4.145 Thread 0x00000295641ec8e0 Thread added: 0x00000295641f0a80
Event: 4.148 Thread 0x00000295641ec8e0 Thread added: 0x00000295641f1110
Event: 4.204 Thread 0x00000295641ec8e0 Thread added: 0x00000295641edc90
Event: 4.266 Thread 0x000002955e446640 Thread added: 0x0000029565590c50
Event: 5.715 Thread 0x000002955e446640 Thread added: 0x000002955fbbefb0
Event: 7.307 Thread 0x000002955fbbefb0 Thread exited: 0x000002955fbbefb0
Event: 7.307 Thread 0x0000029565590c50 Thread exited: 0x0000029565590c50
Event: 7.308 Thread 0x000002955e446640 Thread added: 0x0000029565a3c630
Event: 7.308 Thread 0x000002955e446640 Thread added: 0x0000029566e26d10
Event: 8.823 Thread 0x0000029566e26d10 Thread exited: 0x0000029566e26d10
Event: 9.341 Thread 0x0000029565a3c630 Thread exited: 0x0000029565a3c630
Event: 9.952 Thread 0x000002955e446640 Thread added: 0x0000029565a3c630
Event: 11.079 Thread 0x0000029565a3c630 Thread exited: 0x0000029565a3c630
Event: 11.103 Thread 0x000002955e446640 Thread added: 0x0000029565a3c630
Event: 11.152 Thread 0x000002955e446640 Thread added: 0x000002955f9693f0


Dynamic libraries:
0x00007ff69ad60000 - 0x00007ff69ad6e000 	c:\Users\aksar\.vscode\extensions\redhat.java-1.49.0-win32-x64\jre\21.0.9-win32-x86_64\bin\java.exe
0x00007ff8f8f60000 - 0x00007ff8f91c9000 	C:\WINDOWS\SYSTEM32\ntdll.dll
0x00007ff8f7870000 - 0x00007ff8f7939000 	C:\WINDOWS\System32\KERNEL32.DLL
0x00007ff8f6530000 - 0x00007ff8f6923000 	C:\WINDOWS\System32\KERNELBASE.dll
0x00007ff8f6be0000 - 0x00007ff8f6d2b000 	C:\WINDOWS\System32\ucrtbase.dll
0x00007ff8e6280000 - 0x00007ff8e6298000 	c:\Users\aksar\.vscode\extensions\redhat.java-1.49.0-win32-x64\jre\21.0.9-win32-x86_64\bin\jli.dll
0x00007ff8e6960000 - 0x00007ff8e697e000 	c:\Users\aksar\.vscode\extensions\redhat.java-1.49.0-win32-x64\jre\21.0.9-win32-x86_64\bin\VCRUNTIME140.dll
0x00007ff8f82d0000 - 0x00007ff8f8494000 	C:\WINDOWS\System32\USER32.dll
0x00007ff8f5510000 - 0x00007ff8f57a3000 	C:\WINDOWS\WinSxS\amd64_microsoft.windows.common-controls_6595b64144ccf1df_6.0.26100.5074_none_3e0d6f78e32fd63f\COMCTL32.dll
0x00007ff8f6240000 - 0x00007ff8f6267000 	C:\WINDOWS\System32\win32u.dll
0x00007ff8f7940000 - 0x00007ff8f79e9000 	C:\WINDOWS\System32\msvcrt.dll
0x00007ff8f8ad0000 - 0x00007ff8f8afb000 	C:\WINDOWS\System32\GDI32.dll
0x00007ff8f6ab0000 - 0x00007ff8f6bdd000 	C:\WINDOWS\System32\gdi32full.dll
0x00007ff8f6310000 - 0x00007ff8f63b3000 	C:\WINDOWS\System32\msvcp_win.dll
0x00007ff8f8c00000 - 0x00007ff8f8c2f000 	C:\WINDOWS\System32\IMM32.DLL
0x00007ff8f01f0000 - 0x00007ff8f01fc000 	c:\Users\aksar\.vscode\extensions\redhat.java-1.49.0-win32-x64\jre\21.0.9-win32-x86_64\bin\vcruntime140_1.dll
0x00007ff8b4f50000 - 0x00007ff8b4fdd000 	c:\Users\aksar\.vscode\extensions\redhat.java-1.49.0-win32-x64\jre\21.0.9-win32-x86_64\bin\msvcp140.dll
0x00007ff84a9a0000 - 0x00007ff84b740000 	c:\Users\aksar\.vscode\extensions\redhat.java-1.49.0-win32-x64\jre\21.0.9-win32-x86_64\bin\server\jvm.dll
0x00007ff8f7750000 - 0x00007ff8f7804000 	C:\WINDOWS\System32\ADVAPI32.dll
0x00007ff8f7ad0000 - 0x00007ff8f7b76000 	C:\WINDOWS\System32\sechost.dll
0x00007ff8f6e40000 - 0x00007ff8f6f58000 	C:\WINDOWS\System32\RPCRT4.dll
0x00007ff8f6d30000 - 0x00007ff8f6da4000 	C:\WINDOWS\System32\WS2_32.dll
0x00007ff8f5f50000 - 0x00007ff8f5fae000 	C:\WINDOWS\SYSTEM32\POWRPROF.dll
0x00007ff8e6fe0000 - 0x00007ff8e7015000 	C:\WINDOWS\SYSTEM32\WINMM.dll
0x00007ff8e9aa0000 - 0x00007ff8e9aab000 	C:\WINDOWS\SYSTEM32\VERSION.dll
0x00007ff8f5f30000 - 0x00007ff8f5f44000 	C:\WINDOWS\SYSTEM32\UMPDC.dll
0x00007ff8f4570000 - 0x00007ff8f458b000 	C:\WINDOWS\SYSTEM32\kernel.appcore.dll
0x00007ff8ed8e0000 - 0x00007ff8ed8ea000 	c:\Users\aksar\.vscode\extensions\redhat.java-1.49.0-win32-x64\jre\21.0.9-win32-x86_64\bin\jimage.dll
0x00007ff8f58c0000 - 0x00007ff8f5b02000 	C:\WINDOWS\SYSTEM32\DBGHELP.DLL
0x00007ff8f71a0000 - 0x00007ff8f751b000 	C:\WINDOWS\System32\combase.dll
0x00007ff8f7030000 - 0x00007ff8f7107000 	C:\WINDOWS\System32\OLEAUT32.dll
0x00007ff8f57b0000 - 0x00007ff8f57ed000 	C:\WINDOWS\SYSTEM32\dbgcore.DLL
0x00007ff8f6270000 - 0x00007ff8f6309000 	C:\WINDOWS\System32\bcryptPrimitives.dll
0x00007ff8e8ba0000 - 0x00007ff8e8baf000 	c:\Users\aksar\.vscode\extensions\redhat.java-1.49.0-win32-x64\jre\21.0.9-win32-x86_64\bin\instrument.dll
0x00007ff8e6260000 - 0x00007ff8e6280000 	c:\Users\aksar\.vscode\extensions\redhat.java-1.49.0-win32-x64\jre\21.0.9-win32-x86_64\bin\java.dll
0x00007ff8f7b80000 - 0x00007ff8f82cd000 	C:\WINDOWS\System32\SHELL32.dll
0x00007ff8f63c0000 - 0x00007ff8f652c000 	C:\WINDOWS\System32\wintypes.dll
0x00007ff8f3410000 - 0x00007ff8f3c69000 	C:\WINDOWS\SYSTEM32\windows.storage.dll
0x00007ff8f8b00000 - 0x00007ff8f8bf0000 	C:\WINDOWS\System32\SHCORE.dll
0x00007ff8f7110000 - 0x00007ff8f7172000 	C:\WINDOWS\System32\shlwapi.dll
0x00007ff8f6010000 - 0x00007ff8f6039000 	C:\WINDOWS\SYSTEM32\profapi.dll
0x00007ff8e6170000 - 0x00007ff8e6188000 	c:\Users\aksar\.vscode\extensions\redhat.java-1.49.0-win32-x64\jre\21.0.9-win32-x86_64\bin\zip.dll
0x00007ff8e6090000 - 0x00007ff8e60a0000 	C:\Users\aksar\.vscode\extensions\redhat.java-1.49.0-win32-x64\jre\21.0.9-win32-x86_64\bin\net.dll
0x00007ff8ec000000 - 0x00007ff8ec11f000 	C:\WINDOWS\SYSTEM32\WINHTTP.dll
0x00007ff8f4ab0000 - 0x00007ff8f4b1b000 	C:\WINDOWS\system32\mswsock.dll
0x00007ff8e6070000 - 0x00007ff8e6086000 	C:\Users\aksar\.vscode\extensions\redhat.java-1.49.0-win32-x64\jre\21.0.9-win32-x86_64\bin\nio.dll
0x00007ff8e6060000 - 0x00007ff8e6070000 	c:\Users\aksar\.vscode\extensions\redhat.java-1.49.0-win32-x64\jre\21.0.9-win32-x86_64\bin\verify.dll
0x00007ff8b4f00000 - 0x00007ff8b4f44000 	C:\Users\aksar\AppData\Roaming\Code\User\globalStorage\redhat.java\1.49.0\config_ss_win\org.eclipse.equinox.launcher\org.eclipse.equinox.launcher.win32.win32.x86_64_1.2.1400.v20250801-0854\eclipse_11916.dll
0x00007ff8f84a0000 - 0x00007ff8f8638000 	C:\WINDOWS\System32\ole32.dll
0x00007ff8f5c30000 - 0x00007ff8f5c4b000 	C:\WINDOWS\SYSTEM32\CRYPTSP.dll
0x00007ff8f4b20000 - 0x00007ff8f4b5b000 	C:\WINDOWS\system32\rsaenh.dll
0x00007ff8f4b90000 - 0x00007ff8f4bbb000 	C:\WINDOWS\SYSTEM32\USERENV.dll
0x00007ff8f5fe0000 - 0x00007ff8f6006000 	C:\WINDOWS\SYSTEM32\bcrypt.dll
0x00007ff8f4de0000 - 0x00007ff8f4dec000 	C:\WINDOWS\SYSTEM32\CRYPTBASE.dll
0x00007ff8f4060000 - 0x00007ff8f4094000 	C:\WINDOWS\SYSTEM32\IPHLPAPI.DLL
0x00007ff8f7680000 - 0x00007ff8f768a000 	C:\WINDOWS\System32\NSI.dll
0x00007ff8b4eb0000 - 0x00007ff8b4ef9000 	C:\Users\aksar\AppData\Local\Temp\jna-92882810\jna9532291123395752324.dll
0x00007ff8f6fe0000 - 0x00007ff8f6fe8000 	C:\WINDOWS\System32\PSAPI.DLL
0x00007ff8ec2f0000 - 0x00007ff8ec30e000 	C:\WINDOWS\SYSTEM32\dhcpcsvc6.DLL
0x00007ff8ec2c0000 - 0x00007ff8ec2e3000 	C:\WINDOWS\SYSTEM32\dhcpcsvc.DLL

JVMTI agents:
c:\Users\aksar\.vscode\extensions\redhat.java-1.49.0-win32-x64\lombok\lombok-1.18.39-4050.jar path:c:\Users\aksar\.vscode\extensions\redhat.java-1.49.0-win32-x64\jre\21.0.9-win32-x86_64\bin\instrument.dll, loaded, initialized, instrumentlib options:none

dbghelp: loaded successfully - version: 4.0.5 - missing functions: none
symbol engine: initialized successfully - sym options: 0x614 - pdb path: .;c:\Users\aksar\.vscode\extensions\redhat.java-1.49.0-win32-x64\jre\21.0.9-win32-x86_64\bin;C:\WINDOWS\SYSTEM32;C:\WINDOWS\WinSxS\amd64_microsoft.windows.common-controls_6595b64144ccf1df_6.0.26100.5074_none_3e0d6f78e32fd63f;c:\Users\aksar\.vscode\extensions\redhat.java-1.49.0-win32-x64\jre\21.0.9-win32-x86_64\bin\server;C:\Users\aksar\AppData\Roaming\Code\User\globalStorage\redhat.java\1.49.0\config_ss_win\org.eclipse.equinox.launcher\org.eclipse.equinox.launcher.win32.win32.x86_64_1.2.1400.v20250801-0854;C:\Users\aksar\AppData\Local\Temp\jna-92882810

VM Arguments:
jvm_args: --add-modules=ALL-SYSTEM --add-opens=java.base/java.util=ALL-UNNAMED --add-opens=java.base/java.lang=ALL-UNNAMED --add-opens=java.base/sun.nio.fs=ALL-UNNAMED -Declipse.application=org.eclipse.jdt.ls.core.id1 -Dosgi.bundles.defaultStartLevel=4 -Declipse.product=org.eclipse.jdt.ls.core.product -Djava.import.generatesMetadataFilesAtProjectRoot=false -DDetectVMInstallationsJob.disabled=true -Dfile.encoding=utf8 -XX:+UseParallelGC -XX:GCTimeRatio=4 -XX:AdaptiveSizePolicyWeight=90 -Dsun.zip.disableMemoryMapping=true -Xmx2G -Xms100m -Xlog:disable -javaagent:c:\Users\aksar\.vscode\extensions\redhat.java-1.49.0-win32-x64\lombok\lombok-1.18.39-4050.jar 
java_command: c:\Users\aksar\.vscode\extensions\redhat.java-1.49.0-win32-x64\server\plugins\org.eclipse.equinox.launcher_1.7.100.v20251111-0406.jar -configuration c:\Users\aksar\AppData\Roaming\Code\User\globalStorage\redhat.java\1.49.0\config_ss_win -data c:\Users\aksar\AppData\Roaming\Code\User\workspaceStorage\a13022a768f355cec2ca02689a800327\redhat.java\ss_ws --pipe=\\.\pipe\lsp-2f2587186283dbb406b928cf29e948ff-sock
java_class_path (initial): c:\Users\aksar\.vscode\extensions\redhat.java-1.49.0-win32-x64\server\plugins\org.eclipse.equinox.launcher_1.7.100.v20251111-0406.jar
Launcher Type: SUN_STANDARD

[Global flags]
    uintx AdaptiveSizePolicyWeight                 = 90                                        {product} {command line}
     intx CICompilerCount                          = 4                                         {product} {ergonomic}
    uintx GCTimeRatio                              = 4                                         {product} {command line}
   size_t InitialHeapSize                          = 104857600                                 {product} {command line}
   size_t MaxHeapSize                              = 2147483648                                {product} {command line}
   size_t MaxNewSize                               = 715653120                                 {product} {ergonomic}
   size_t MinHeapDeltaBytes                        = 524288                                    {product} {ergonomic}
   size_t MinHeapSize                              = 104857600                                 {product} {command line}
   size_t NewSize                                  = 34603008                                  {product} {ergonomic}
    uintx NonNMethodCodeHeapSize                   = 5839372                                {pd product} {ergonomic}
    uintx NonProfiledCodeHeapSize                  = 122909434                              {pd product} {ergonomic}
   size_t OldSize                                  = 70254592                                  {product} {ergonomic}
    uintx ProfiledCodeHeapSize                     = 122909434                              {pd product} {ergonomic}
    uintx ReservedCodeCacheSize                    = 251658240                              {pd product} {ergonomic}
     bool SegmentedCodeCache                       = true                                      {product} {ergonomic}
   size_t SoftMaxHeapSize                          = 2147483648                             {manageable} {ergonomic}
     bool UseCompressedOops                        = true                           {product lp64_product} {ergonomic}
     bool UseLargePagesIndividualAllocation        = false                                  {pd product} {ergonomic}
     bool UseParallelGC                            = true                                      {product} {command line}

Logging:
Log output configuration:
 #0: stdout all=off uptime,level,tags foldmultilines=false
 #1: stderr all=off uptime,level,tags foldmultilines=false

Release file:
JAVA_VERSION="21.0.9" 
MODULES="java.base java.compiler java.datatransfer java.xml java.prefs java.desktop java.instrument java.logging java.management java.security.sasl java.naming java.rmi java.management.rmi java.net.http java.scripting java.security.jgss java.transaction.xa java.sql java.sql.rowset java.xml.crypto java.se java.smartcardio jdk.accessibility jdk.internal.jvmstat jdk.attach jdk.charsets jdk.internal.opt jdk.zipfs jdk.compiler jdk.crypto.ec jdk.crypto.cryptoki jdk.crypto.mscapi jdk.dynalink jdk.internal.ed jdk.editpad jdk.hotspot.agent jdk.httpserver jdk.internal.le jdk.internal.vm.ci jdk.internal.vm.compiler jdk.internal.vm.compiler.management jdk.jartool jdk.javadoc jdk.jcmd jdk.management jdk.management.agent jdk.jconsole jdk.jdeps jdk.jdwp.agent jdk.jdi jdk.jfr jdk.jshell jdk.jsobject jdk.jstatd jdk.localedata jdk.management.jfr jdk.naming.dns jdk.naming.rmi jdk.net jdk.nio.mapmode jdk.random jdk.sctp jdk.security.auth jdk.security.jgss jdk.unsupported jdk.unsupported.desktop jdk.xml.dom" 

Environment Variables:
JAVA_HOME=C:\Program Files\Eclipse Adoptium\jdk-25.0.1.8-hotspot
PATH=C:\Program Files\Eclipse Adoptium\jdk-25.0.1.8-hotspot\bin;C:\Program Files\Java\bin;C:\Python313\Scripts\;C:\Python313\;C:\Users\aksar\AppData\Local\Programs\Python\Python312;C:\Users\aksar\AppData\Local\Programs\Python\Python312\Scripts;C:\Program Files (x86)\VMware\VMware Workstation\bin\;C:\WINDOWS\system32;C:\WINDOWS;C:\WINDOWS\System32\Wbem;C:\WINDOWS\System32\WindowsPowerShell\v1.0\;C:\WINDOWS\System32\OpenSSH\;C:\Program Files\dotnet\;C:\Program Files\Git LFS;C:\Program Files\WireGuard\;C:\apache-maven-3.9.9\bin;D:\Git\cmd;D:\nodejs\;C:\ProgramData\chocolatey\bin;D:\platform-tools;;C:\Program Files\Docker\Docker\resources\bin;C:\Users\aksar\dev\flutter\bin;C:\Users\aksar\dev\flutter\bin\cache\dart-sdk;C:\Users\aksar\AppData\Local\Programs\Python\Python312;C:\Users\aksar\AppData\Local\Microsoft\WindowsApps;C:\Users\aksar\AppData\Local\JetBrains\Toolbox\scripts;C:\Users\aksar\AppData\Local\gitkraken\bin;C:\Program Files\JetBrains\PyCharm Community Edition 2024.1.1\bin;C:\Users\aksar\AppData\Roaming\Programs\Zero Install;C:\Users\aksar\AppData\Local\Programs\Microsoft VS Code\bin;C:\Users\aksar\AppData\Local\Microsoft\WindowsApps;C:\apache-maven-3.9.9\bin;C:\Program Files\JetBrains\IntelliJ IDEA Community Edition 2024.3.4.1\bin;;C:\Users\aksar\AppData\Roaming\npm;C:\Users\aksar\.dotnet\tools;C:\Users\aksar\AppData\Local\GitHubDesktop\bin
USERNAME=aksar
OS=Windows_NT
PROCESSOR_IDENTIFIER=Intel64 Family 6 Model 141 Stepping 1, GenuineIntel
TMP=C:\Users\aksar\AppData\Local\Temp
TEMP=C:\Users\aksar\AppData\Local\Temp




Periodic native trim disabled

---------------  S Y S T E M  ---------------

OS:
 Windows 11 , 64 bit Build 26100 (10.0.26100.5074)
OS uptime: 22 days 0:56 hours
Hyper-V role detected

CPU: total 12 (initial active 12) (6 cores per cpu, 2 threads per core) family 6 model 141 stepping 1 microcode 0x34, cx8, cmov, fxsr, ht, mmx, 3dnowpref, sse, sse2, sse3, ssse3, sse4.1, sse4.2, popcnt, lzcnt, tsc, tscinvbit, avx, avx2, aes, erms, clmul, bmi1, bmi2, adx, avx512f, avx512dq, avx512cd, avx512bw, avx512vl, sha, fma, vzeroupper, avx512_vpopcntdq, avx512_vpclmulqdq, avx512_vaes, avx512_vnni, clflush, clflushopt, clwb, avx512_vbmi2, avx512_vbmi, hv, rdtscp, rdpid, fsrm, gfni, avx512_bitalg, f16c, cet_ibt, cet_ss, avx512_ifma
Processor Information for the first 12 processors :
  Max Mhz: 2688, Current Mhz: 2688, Mhz Limit: 2688

Memory: 4k page, system-wide physical 16105M (980M free)
TotalPageFile size 23273M (AvailPageFile size 8M)
current process WorkingSet (physical memory assigned to process): 236M, peak: 242M
current process commit charge ("private bytes"): 352M, peak: 359M

vm_info: OpenJDK 64-Bit Server VM (21.0.9+10-LTS) for windows-amd64 JRE (21.0.9+10-LTS), built on 2025-10-21T00:00:00Z by "admin" with unknown MS VC++:1942

END.
