#
# There is insufficient memory for the Java Runtime Environment to continue.
# Native memory allocation (malloc) failed to allocate 4502504 bytes. Error detail: Chunk::new
# Possible reasons:
#   The system is out of physical RAM or swap space
#   This process is running with CompressedOops enabled, and the Java Heap may be blocking the growth of the native heap
# Possible solutions:
#   Reduce memory load on the system
#   Increase physical memory or swap space
#   Check if swap backing store is full
#   Decrease Java heap size (-Xmx/-Xms)
#   Decrease number of Java threads
#   Decrease Java thread stack sizes (-Xss)
#   Set larger code cache with -XX:ReservedCodeCacheSize=
#   JVM is running with Unscaled Compressed Oops mode in which the Java heap is
#     placed in the first 4GB address space. The Java Heap base address is the
#     maximum limit for the native heap growth. Please use -XX:HeapBaseMinAddress
#     to set the Java Heap base and to place the Java Heap above 4GB virtual address.
# This output file may be truncated or incomplete.
#
#  Out of Memory Error (arena.cpp:186), pid=17440, tid=19588
#
# JRE version: OpenJDK Runtime Environment Temurin-25.0.1+8 (25.0.1+8) (build 25.0.1+8-LTS)
# Java VM: OpenJDK 64-Bit Server VM Temurin-25.0.1+8 (25.0.1+8-LTS, mixed mode, sharing, tiered, compressed oops, compressed class ptrs, parallel gc, windows-amd64)
# No core dump will be written. Minidumps are not enabled by default on client versions of Windows
#

---------------  S U M M A R Y ------------

Command Line: -Djdk.xml.maxGeneralEntitySizeLimit=0 -Djdk.xml.totalEntitySizeLimit=0 --add-modules=ALL-SYSTEM --add-opens=java.base/java.util=ALL-UNNAMED --add-opens=java.base/java.lang=ALL-UNNAMED --add-opens=java.base/sun.nio.fs=ALL-UNNAMED -Declipse.application=org.eclipse.jdt.ls.core.id1 -Dosgi.bundles.defaultStartLevel=4 -Declipse.product=org.eclipse.jdt.ls.core.product -Djava.import.generatesMetadataFilesAtProjectRoot=false -DDetectVMInstallationsJob.disabled=true -Dfile.encoding=utf8 -XX:+UseParallelGC -XX:GCTimeRatio=4 -XX:AdaptiveSizePolicyWeight=90 -Dsun.zip.disableMemoryMapping=true -Xmx2G -Xms100m -Xlog:disable -javaagent:c:\Users\aksar\.vscode\extensions\redhat.java-1.48.0\lombok\lombok-1.18.39-4050.jar -XX:+HeapDumpOnOutOfMemoryError -XX:HeapDumpPath=c:\Users\aksar\AppData\Roaming\Code\User\workspaceStorage\a13022a768f355cec2ca02689a800327\redhat.java -Daether.dependencyCollector.impl=bf c:\Users\aksar\.vscode\extensions\redhat.java-1.48.0\server\plugins\org.eclipse.equinox.launcher_1.7.100.v20251111-0406.jar -configuration c:\Users\aksar\AppData\Roaming\Code\User\globalStorage\redhat.java\1.48.0\config_win -data c:\Users\aksar\AppData\Roaming\Code\User\workspaceStorage\a13022a768f355cec2ca02689a800327\redhat.java\jdt_ws --pipe=\\.\pipe\lsp-4b7b0bd0504d2e7d5572c6493fc6f53d-sock

Host: 11th Gen Intel(R) Core(TM) i5-11400H @ 2.70GHz, 12 cores, 15G,  Windows 11 , 64 bit Build 26100 (10.0.26100.5074)
Time: Wed Nov 19 18:30:48 2025 Türkiye Standart Saati elapsed time: 10.498765 seconds (0d 0h 0m 10s)

---------------  T H R E A D  ---------------

Current thread (0x00000129adac5110):  JavaThread "C2 CompilerThread0" daemon [_thread_in_native, id=19588, stack(0x00000004d9a00000,0x00000004d9b00000) (1024K)]


Current CompileTask:
C2:10498 9070   !   4       lombok.core.FieldAugment$ReflectionFieldAugment::getAndSet (80 bytes)

Stack: [0x00000004d9a00000,0x00000004d9b00000]
Native frames: (J=compiled Java code, j=interpreted, Vv=VM code, C=native code)
V  [jvm.dll+0x7a8379]  (no source info available)
V  [jvm.dll+0x7729fd]  (no source info available)
V  [jvm.dll+0x9f57b3]  (no source info available)
V  [jvm.dll+0x9f7da1]  (no source info available)
V  [jvm.dll+0x9f84a3]  (no source info available)
V  [jvm.dll+0x2fcd26]  (no source info available)
V  [jvm.dll+0x111086]  (no source info available)
V  [jvm.dll+0x1113ae]  (no source info available)
V  [jvm.dll+0x453177]  (no source info available)
V  [jvm.dll+0x421e12]  (no source info available)
V  [jvm.dll+0x42122a]  (no source info available)
V  [jvm.dll+0x2c0109]  (no source info available)
V  [jvm.dll+0x2bf2ef]  (no source info available)
V  [jvm.dll+0x237300]  (no source info available)
V  [jvm.dll+0x2cf386]  (no source info available)
V  [jvm.dll+0x2cd60a]  (no source info available)
V  [jvm.dll+0x48f64e]  (no source info available)
V  [jvm.dll+0x99630d]  (no source info available)
V  [jvm.dll+0x7a6955]  (no source info available)
C  [ucrtbase.dll+0x37b0]  (no source info available)
C  [KERNEL32.DLL+0x2e8d7]  (no source info available)
C  [ntdll.dll+0x8d9c]  (no source info available)

Lock stack of current Java thread (top to bottom):


---------------  P R O C E S S  ---------------

Threads class SMR info:
_java_thread_list=0x00000129d06857b0, length=53, elements={
0x00000129adab2e00, 0x00000129adb502b0, 0x00000129adb52500, 0x00000129adb54dc0,
0x00000129adb57830, 0x00000129adb5a870, 0x00000129adb67460, 0x00000129adac5110,
0x00000129adac4900, 0x00000129c9c78cc0, 0x00000129ce0a03a0, 0x00000129ce9a2ce0,
0x00000129ce94aee0, 0x00000129ce94c2b0, 0x00000129cec4ddf0, 0x00000129cee91170,
0x00000129ceebda90, 0x00000129cf049330, 0x00000129cf04b270, 0x00000129cf04d1b0,
0x00000129cf04e150, 0x00000129d01b9b00, 0x00000129d01b73f0, 0x00000129d01b7bc0,
0x00000129d01b8390, 0x00000129d01b8b60, 0x00000129d01bc210, 0x00000129d01b9330,
0x00000129d01bd980, 0x00000129d01be920, 0x00000129d13b9ab0, 0x00000129d13bd930,
0x00000129d13be100, 0x00000129d13baa50, 0x00000129d13bf0a0, 0x00000129d13bc1c0,
0x00000129d13c0fe0, 0x00000129d155c350, 0x00000129d155cb20, 0x00000129d1559470,
0x00000129d1559c40, 0x00000129d155dac0, 0x00000129d155e290, 0x00000129d155ea60,
0x00000129d155f230, 0x00000129d15601d0, 0x00000129ce0977b0, 0x00000129d014c2b0,
0x00000129d014bae0, 0x00000129d014da20, 0x00000129d248a690, 0x00000129d00a30b0,
0x00000129d00a0050
}

Java Threads: ( => current thread )
  0x00000129adab2e00 JavaThread "main"                              [_thread_blocked, id=7072, stack(0x00000004d9000000,0x00000004d9100000) (1024K)]
  0x00000129adb502b0 JavaThread "Reference Handler"          daemon [_thread_blocked, id=18268, stack(0x00000004d9400000,0x00000004d9500000) (1024K)]
  0x00000129adb52500 JavaThread "Finalizer"                  daemon [_thread_blocked, id=29640, stack(0x00000004d9500000,0x00000004d9600000) (1024K)]
  0x00000129adb54dc0 JavaThread "Signal Dispatcher"          daemon [_thread_blocked, id=30772, stack(0x00000004d9600000,0x00000004d9700000) (1024K)]
  0x00000129adb57830 JavaThread "Attach Listener"            daemon [_thread_blocked, id=1920, stack(0x00000004d9700000,0x00000004d9800000) (1024K)]
  0x00000129adb5a870 JavaThread "Service Thread"             daemon [_thread_blocked, id=15748, stack(0x00000004d9800000,0x00000004d9900000) (1024K)]
  0x00000129adb67460 JavaThread "Monitor Deflation Thread"   daemon [_thread_blocked, id=10312, stack(0x00000004d9900000,0x00000004d9a00000) (1024K)]
=>0x00000129adac5110 JavaThread "C2 CompilerThread0"         daemon [_thread_in_native, id=19588, stack(0x00000004d9a00000,0x00000004d9b00000) (1024K)]
  0x00000129adac4900 JavaThread "C1 CompilerThread0"         daemon [_thread_blocked, id=29616, stack(0x00000004d9b00000,0x00000004d9c00000) (1024K)]
  0x00000129c9c78cc0 JavaThread "Common-Cleaner"             daemon [_thread_blocked, id=29820, stack(0x00000004d9d00000,0x00000004d9e00000) (1024K)]
  0x00000129ce0a03a0 JavaThread "Notification Thread"        daemon [_thread_blocked, id=3008, stack(0x00000004d9e00000,0x00000004d9f00000) (1024K)]
  0x00000129ce9a2ce0 JavaThread "Active Thread: Equinox Container: a2b1225c-2ad9-450c-acc0-77fe7901f9b6"        [_thread_blocked, id=33168, stack(0x00000004da300000,0x00000004da400000) (1024K)]
  0x00000129ce94aee0 JavaThread "Framework Event Dispatcher: Equinox Container: a2b1225c-2ad9-450c-acc0-77fe7901f9b6" daemon [_thread_blocked, id=12084, stack(0x00000004da500000,0x00000004da600000) (1024K)]
  0x00000129ce94c2b0 JavaThread "Start Level: Equinox Container: a2b1225c-2ad9-450c-acc0-77fe7901f9b6" daemon [_thread_blocked, id=15184, stack(0x00000004da600000,0x00000004da700000) (1024K)]
  0x00000129cec4ddf0 JavaThread "Bundle File Closer"         daemon [_thread_blocked, id=9636, stack(0x00000004da800000,0x00000004da900000) (1024K)]
  0x00000129cee91170 JavaThread "SCR Component Actor"        daemon [_thread_blocked, id=9980, stack(0x00000004d9f00000,0x00000004da000000) (1024K)]
  0x00000129ceebda90 JavaThread "Worker-JM"                         [_thread_blocked, id=22460, stack(0x00000004da900000,0x00000004daa00000) (1024K)]
  0x00000129cf049330 JavaThread "JNA Cleaner"                daemon [_thread_blocked, id=20696, stack(0x00000004dac00000,0x00000004dad00000) (1024K)]
  0x00000129cf04b270 JavaThread "Worker-0: Initialize Workspace"        [_thread_blocked, id=23016, stack(0x00000004dad00000,0x00000004dae00000) (1024K)]
  0x00000129cf04d1b0 JavaThread "Worker-1"                          [_thread_blocked, id=29972, stack(0x00000004dae00000,0x00000004daf00000) (1024K)]
  0x00000129cf04e150 JavaThread "Java indexing"              daemon [_thread_blocked, id=26644, stack(0x00000004db100000,0x00000004db200000) (1024K)]
  0x00000129d01b9b00 JavaThread "Worker-2: Initialize workspace"        [_thread_blocked, id=34168, stack(0x00000004db500000,0x00000004db600000) (1024K)]
  0x00000129d01b73f0 JavaThread "Worker-3"                          [_thread_blocked, id=36640, stack(0x00000004db600000,0x00000004db700000) (1024K)]
  0x00000129d01b7bc0 JavaThread "InnocuousThread-1"          daemon [_thread_in_native, id=16076, stack(0x00000004db700000,0x00000004db800000) (1024K)]
  0x00000129d01b8390 JavaThread "InnocuousThread-2"          daemon [_thread_in_native, id=9200, stack(0x00000004db800000,0x00000004db900000) (1024K)]
  0x00000129d01b8b60 JavaThread "InnocuousThread-3"          daemon [_thread_in_native, id=12744, stack(0x00000004db900000,0x00000004dba00000) (1024K)]
  0x00000129d01bc210 JavaThread "InnocuousThread-4"          daemon [_thread_in_native, id=29632, stack(0x00000004dba00000,0x00000004dbb00000) (1024K)]
  0x00000129d01b9330 JavaThread "InnocuousThread-5"          daemon [_thread_in_native, id=9672, stack(0x00000004dbb00000,0x00000004dbc00000) (1024K)]
  0x00000129d01bd980 JavaThread "InnocuousThread-6"          daemon [_thread_in_native, id=31908, stack(0x00000004dbc00000,0x00000004dbd00000) (1024K)]
  0x00000129d01be920 JavaThread "InnocuousThread-7"          daemon [_thread_in_native, id=28624, stack(0x00000004dbd00000,0x00000004dbe00000) (1024K)]
  0x00000129d13b9ab0 JavaThread "InnocuousThread-8"          daemon [_thread_in_native, id=31432, stack(0x00000004dbe00000,0x00000004dbf00000) (1024K)]
  0x00000129d13bd930 JavaThread "InnocuousThread-9"          daemon [_thread_in_native, id=24644, stack(0x00000004dbf00000,0x00000004dc000000) (1024K)]
  0x00000129d13be100 JavaThread "InnocuousThread-10"         daemon [_thread_in_native, id=16120, stack(0x00000004dc000000,0x00000004dc100000) (1024K)]
  0x00000129d13baa50 JavaThread "InnocuousThread-11"         daemon [_thread_in_native, id=29072, stack(0x00000004dc100000,0x00000004dc200000) (1024K)]
  0x00000129d13bf0a0 JavaThread "InnocuousThread-12"         daemon [_thread_in_native, id=8100, stack(0x00000004dc200000,0x00000004dc300000) (1024K)]
  0x00000129d13bc1c0 JavaThread "InnocuousThread-13"         daemon [_thread_in_native, id=27248, stack(0x00000004dc300000,0x00000004dc400000) (1024K)]
  0x00000129d13c0fe0 JavaThread "pool-2-thread-1"                   [_thread_blocked, id=7972, stack(0x00000004dc400000,0x00000004dc500000) (1024K)]
  0x00000129d155c350 JavaThread "WorkspaceEventsHandler"            [_thread_blocked, id=31576, stack(0x00000004dc500000,0x00000004dc600000) (1024K)]
  0x00000129d155cb20 JavaThread "pool-1-thread-1"                   [_thread_in_Java, id=32352, stack(0x00000004dc600000,0x00000004dc700000) (1024K)]
  0x00000129d1559470 JavaThread "ForkJoinPool.commonPool-worker-1" daemon [_thread_blocked, id=26696, stack(0x00000004dc700000,0x00000004dc800000) (1024K)]
  0x00000129d1559c40 JavaThread "ForkJoinPool.commonPool-worker-2" daemon [_thread_blocked, id=28856, stack(0x00000004dc800000,0x00000004dc900000) (1024K)]
  0x00000129d155dac0 JavaThread "ForkJoinPool.commonPool-worker-3" daemon [_thread_blocked, id=13156, stack(0x00000004dc900000,0x00000004dca00000) (1024K)]
  0x00000129d155e290 JavaThread "ForkJoinPool.commonPool-worker-4" daemon [_thread_blocked, id=8380, stack(0x00000004dca00000,0x00000004dcb00000) (1024K)]
  0x00000129d155ea60 JavaThread "ForkJoinPool.commonPool-worker-5" daemon [_thread_blocked, id=10444, stack(0x00000004dcb00000,0x00000004dcc00000) (1024K)]
  0x00000129d155f230 JavaThread "ForkJoinPool.commonPool-worker-6" daemon [_thread_blocked, id=17076, stack(0x00000004dcc00000,0x00000004dcd00000) (1024K)]
  0x00000129d15601d0 JavaThread "ForkJoinPool.commonPool-worker-7" daemon [_thread_blocked, id=34796, stack(0x00000004dcd00000,0x00000004dce00000) (1024K)]
  0x00000129ce0977b0 JavaThread "ForkJoinPool.commonPool-worker-9" daemon [_thread_blocked, id=26388, stack(0x00000004dce00000,0x00000004dcf00000) (1024K)]
  0x00000129d014c2b0 JavaThread "ForkJoinPool.commonPool-worker-8" daemon [_thread_blocked, id=15156, stack(0x00000004dcf00000,0x00000004dd000000) (1024K)]
  0x00000129d014bae0 JavaThread "ForkJoinPool.commonPool-worker-10" daemon [_thread_blocked, id=30756, stack(0x00000004dd000000,0x00000004dd100000) (1024K)]
  0x00000129d014da20 JavaThread "ForkJoinPool.commonPool-worker-11" daemon [_thread_blocked, id=21984, stack(0x00000004dd100000,0x00000004dd200000) (1024K)]
  0x00000129d248a690 JavaThread "Worker-4"                          [_thread_blocked, id=30692, stack(0x00000004d9c00000,0x00000004d9d00000) (1024K)]
  0x00000129d00a30b0 JavaThread "C2 CompilerThread1"         daemon [_thread_in_native, id=18912, stack(0x00000004db200000,0x00000004db300000) (1024K)]
  0x00000129d00a0050 JavaThread "C2 CompilerThread2"         daemon [_thread_in_native, id=23788, stack(0x00000004dd200000,0x00000004dd300000) (1024K)]
Total: 53

Other Threads:
  0x00000129adb3c830 VMThread "VM Thread"                           [id=35680, stack(0x00000004d9300000,0x00000004d9400000) (1024K)]
  0x00000129adada2a0 WatcherThread "VM Periodic Task Thread"        [id=15812, stack(0x00000004d9200000,0x00000004d9300000) (1024K)]
  0x00000129adad0c70 WorkerThread "GC Thread#0"                     [id=25864, stack(0x00000004d9100000,0x00000004d9200000) (1024K)]
  0x00000129cea42b30 WorkerThread "GC Thread#1"                     [id=33164, stack(0x00000004da000000,0x00000004da100000) (1024K)]
  0x00000129ce5af940 WorkerThread "GC Thread#2"                     [id=30500, stack(0x00000004da100000,0x00000004da200000) (1024K)]
  0x00000129ce5afd70 WorkerThread "GC Thread#3"                     [id=9752, stack(0x00000004da200000,0x00000004da300000) (1024K)]
  0x00000129ce95ef00 WorkerThread "GC Thread#4"                     [id=13712, stack(0x00000004da400000,0x00000004da500000) (1024K)]
  0x00000129ce9622c0 WorkerThread "GC Thread#5"                     [id=12300, stack(0x00000004da700000,0x00000004da800000) (1024K)]
  0x00000129ce95eab0 WorkerThread "GC Thread#6"                     [id=31888, stack(0x00000004daa00000,0x00000004dab00000) (1024K)]
  0x00000129ce95f7a0 WorkerThread "GC Thread#7"                     [id=13744, stack(0x00000004dab00000,0x00000004dac00000) (1024K)]
  0x00000129cf541cd0 WorkerThread "GC Thread#8"                     [id=20464, stack(0x00000004daf00000,0x00000004db000000) (1024K)]
  0x00000129cf542e10 WorkerThread "GC Thread#9"                     [id=9544, stack(0x00000004db000000,0x00000004db100000) (1024K)]
Total: 12

Threads with active compile tasks:
C2 CompilerThread0  10624 9070   !   4       lombok.core.FieldAugment$ReflectionFieldAugment::getAndSet (80 bytes)
C2 CompilerThread1  10624 9265       4       java.lang.reflect.Field::get (39 bytes)
C2 CompilerThread2  10624 9260       4       lombok.eclipse.EclipseAST::drill (80 bytes)
Total: 3

VM state: not at safepoint (normal execution)

VM Mutex/Monitor currently owned by a thread: None

Heap address: 0x0000000080000000, size: 2048 MB, Compressed Oops mode: 32-bit

CDS archive(s) mapped at: [0x000000000f000000-0x000000000fdd0000-0x000000000fdd0000), size 14483456, SharedBaseAddress: 0x000000000f000000, ArchiveRelocationMode: 1.
Compressed class space mapped at: 0x0000000010000000-0x0000000050000000, reserved size: 1073741824
UseCompressedClassPointers 1, UseCompactObjectHeaders 0
Narrow klass pointer bits 32, Max shift 3
Narrow klass base: 0x000000000f000000, Narrow klass shift: 0
Encoding Range: [0x000000000f000000 - 0x000000010f000000), (4294967296 bytes)
Klass Range:    [0x000000000f010000 - 0x0000000050000000), (1090453504 bytes)
Klass ID Range:  [65536 - 1090519033) (1090453497)
Protection zone: [0x000000000f000000 - 0x000000000f010000), (65536 bytes)

GC Precious Log:
 CardTable entry size: 512
 CPUs: 12 total, 12 available
 Memory: 16105M
 Large Page Support: Disabled
 NUMA Support: Disabled
 Compressed Oops: Enabled (32-bit)
 Alignments: Space 512K, Generation 512K, Heap 2M
 Heap Min Capacity: 100M
 Heap Initial Capacity: 100M
 Heap Max Capacity: 2G
 Pre-touch: Disabled
 Parallel Workers: 10

Heap:
 PSYoungGen      total 32768K, used 26087K [0x00000000d5580000, 0x00000000d7680000, 0x0000000100000000)
  eden space 31232K, 81% used [0x00000000d5580000,0x00000000d6e41ea8,0x00000000d7400000)
  from space 1536K, 47% used [0x00000000d7400000,0x00000000d74b8000,0x00000000d7580000)
  to   space 1024K, 0% used [0x00000000d7580000,0x00000000d7580000,0x00000000d7680000)
 ParOldGen       total 68608K, used 52850K [0x0000000080000000, 0x0000000084300000, 0x00000000d5580000)
  object space 68608K, 77% used [0x0000000080000000,0x000000008339c980,0x0000000084300000)

Card table byte_map: [0x00000129ad5a0000,0x00000129ad9a0000] _byte_map_base: 0x00000129ad1a0000

Marking Bits: (ParMarkBitMap*) 0x00007ff841aeb880
 Begin Bits: [0x00000129c5850000, 0x00000129c7850000)

Polling page: 0x00000129aba30000

Metaspace:
Metaspace        used 55508K, committed 56704K, reserved 1114112K
 class space     used 4922K, committed 5440K, reserved 1048576K

Usage:
  Non-class:     49.40 MB used.
      Class:      4.81 MB used.
       Both:     54.21 MB used.

Virtual space:
  Non-class space:       64.00 MB reserved,      50.06 MB ( 78%) committed,  1 nodes.
      Class space:        1.00 GB reserved,       5.31 MB ( <1%) committed,  1 nodes.
             Both:        1.06 GB reserved,      55.38 MB (  5%) committed. 

Chunk freelists:
   Non-Class:  13.73 MB
       Class:  10.68 MB
        Both:  24.41 MB

MaxMetaspaceSize: unlimited
CompressedClassSpaceSize: 1.00 GB
Initial GC threshold: 21.00 MB
Current GC threshold: 58.38 MB
CDS: on
 - commit_granule_bytes: 65536.
 - commit_granule_words: 8192.
 - virtual_space_node_default_size: 8388608.
 - enlarge_chunks_in_place: 1.
UseCompressedClassPointers 1, UseCompactObjectHeaders 0
Narrow klass pointer bits 32, Max shift 3
Narrow klass base: 0x000000000f000000, Narrow klass shift: 0
Encoding Range: [0x000000000f000000 - 0x000000010f000000), (4294967296 bytes)
Klass Range:    [0x000000000f010000 - 0x0000000050000000), (1090453504 bytes)
Klass ID Range:  [65536 - 1090519033) (1090453497)
Protection zone: [0x000000000f000000 - 0x000000000f010000), (65536 bytes)


Internal statistics:

num_allocs_failed_limit: 6.
num_arena_births: 830.
num_arena_deaths: 14.
num_vsnodes_births: 2.
num_vsnodes_deaths: 0.
num_space_committed: 886.
num_space_uncommitted: 0.
num_chunks_returned_to_freelist: 20.
num_chunks_taken_from_freelist: 3244.
num_chunk_merges: 10.
num_chunk_splits: 2089.
num_chunks_enlarged: 1310.
num_inconsistent_stats: 0.

CodeHeap 'non-profiled nmethods': size=120064Kb used=3380Kb max_used=3380Kb free=116683Kb
 bounds [0x00000129be060000, 0x00000129be3b0000, 0x00000129c55a0000]
CodeHeap 'profiled nmethods': size=120000Kb used=16199Kb max_used=16199Kb free=103800Kb
 bounds [0x00000129b65a0000, 0x00000129b7580000, 0x00000129bdad0000]
CodeHeap 'non-nmethods': size=5696Kb used=1488Kb max_used=1552Kb free=4207Kb
 bounds [0x00000129bdad0000, 0x00000129bdd40000, 0x00000129be060000]
CodeCache: size=245760Kb, used=21067Kb, max_used=21131Kb, free=224690Kb
 total_blobs=9911, nmethods=9182, adapters=632, full_count=0
Compilation: enabled, stopped_count=0, restarted_count=0

Compilation events (20 events):
Event: 9.472 Thread 0x00000129adac4900 9677       2       lombok.eclipse.EclipseNode::isStatic (176 bytes)
Event: 9.472 Thread 0x00000129adac4900 nmethod 9677 0x00000129b7547f08 code [0x00000129b7548000, 0x00000129b7548500]
Event: 9.472 Thread 0x00000129adac4900 9674       2       lombok.eclipse.handlers.EclipseHandlerUtil$CopyJavadoc$3::apply (7 bytes)
Event: 9.473 Thread 0x00000129adac4900 nmethod 9674 0x00000129b7548588 code [0x00000129b7548680, 0x00000129b75487a8]
Event: 9.473 Thread 0x00000129adac4900 9675       2       lombok.eclipse.handlers.EclipseHandlerUtil$CopyJavadoc::access$3 (6 bytes)
Event: 9.473 Thread 0x00000129adac4900 nmethod 9675 0x00000129b7548888 code [0x00000129b7548980, 0x00000129b7548a78]
Event: 9.473 Thread 0x00000129adac4900 9676       2       lombok.eclipse.handlers.EclipseHandlerUtil$CopyJavadoc::applySetter (65 bytes)
Event: 9.473 Thread 0x00000129adac4900 nmethod 9676 0x00000129b7548b88 code [0x00000129b7548c80, 0x00000129b75490f0]
Event: 9.473 Thread 0x00000129adac4900 9678       2       org.eclipse.jdt.internal.compiler.ast.BinaryExpression::traverse (34 bytes)
Event: 9.473 Thread 0x00000129adac4900 nmethod 9678 0x00000129b7549108 code [0x00000129b7549200, 0x00000129b75493e0]
Event: 9.473 Thread 0x00000129adac4900 9679       2       lombok.eclipse.handlers.SetGeneratedByVisitor::visit (22 bytes)
Event: 9.474 Thread 0x00000129adac4900 nmethod 9679 0x00000129b7549408 code [0x00000129b7549500, 0x00000129b7549678]
Event: 9.474 Thread 0x00000129adac4900 9680       2       org.eclipse.jdt.internal.compiler.ASTVisitor::endVisit (1 bytes)
Event: 9.474 Thread 0x00000129adac4900 nmethod 9680 0x00000129b7549708 code [0x00000129b7549800, 0x00000129b7549900]
Event: 9.474 Thread 0x00000129adac4900 9681       2       lombok.eclipse.EclipseNode::hasAnnotation (6 bytes)
Event: 9.474 Thread 0x00000129adac4900 nmethod 9681 0x00000129b7549a08 code [0x00000129b7549b00, 0x00000129b7549c28]
Event: 9.474 Thread 0x00000129adac4900 9682       2       lombok.eclipse.EclipseNode::isTransient (36 bytes)
Event: 9.474 Thread 0x00000129adac4900 nmethod 9682 0x00000129b7549d08 code [0x00000129b7549e00, 0x00000129b7549fb0]
Event: 9.494 Thread 0x00000129adac4900 9685       2       org.eclipse.jdt.internal.core.PackageFragmentRoot::equals (58 bytes)
Event: 9.495 Thread 0x00000129adac4900 nmethod 9685 0x00000129b754a008 code [0x00000129b754a100, 0x00000129b754a668]

GC Heap Usage History (20 events):
Event: 6.904 {heap Before GC invocations=18 (full 2):
 PSYoungGen      total 34816K, used 33248K [0x00000000d5580000, 0x00000000d7980000, 0x0000000100000000)
  eden space 31744K, 100% used [0x00000000d5580000,0x00000000d7480000,0x00000000d7480000)
  from space 3072K, 48% used [0x00000000d7480000,0x00000000d75f8030,0x00000000d7780000)
  to   space 2048K, 0% used [0x00000000d7780000,0x00000000d7780000,0x00000000d7980000)
 ParOldGen       total 68608K, used 35320K [0x0000000080000000, 0x0000000084300000, 0x00000000d558000Event: 6.907 {heap After GC invocations=18 (full 2):
 PSYoungGen      total 33280K, used 2040K [0x00000000d5580000, 0x00000000d7b00000, 0x0000000100000000)
  eden space 31232K, 0% used [0x00000000d5580000,0x00000000d5580000,0x00000000d7400000)
  from space 2048K, 99% used [0x00000000d7780000,0x00000000d797e1c8,0x00000000d7980000)
  to   space 3584K, 0% used [0x00000000d7400000,0x00000000d7400000,0x00000000d7780000)
 ParOldGen       total 68608K, used 36535K [0x0000000080000000, 0x0000000084300000, 0x00000000d5580000)
 Event: 7.080 {heap Before GC invocations=19 (full 2):
 PSYoungGen      total 33280K, used 33272K [0x00000000d5580000, 0x00000000d7b00000, 0x0000000100000000)
  eden space 31232K, 100% used [0x00000000d5580000,0x00000000d7400000,0x00000000d7400000)
  from space 2048K, 99% used [0x00000000d7780000,0x00000000d797e1c8,0x00000000d7980000)
  to   space 3584K, 0% used [0x00000000d7400000,0x00000000d7400000,0x00000000d7780000)
 ParOldGen       total 68608K, used 36535K [0x0000000080000000, 0x0000000084300000, 0x00000000d558000Event: 7.086 {heap After GC invocations=19 (full 2):
 PSYoungGen      total 34304K, used 3074K [0x00000000d5580000, 0x00000000d7a80000, 0x0000000100000000)
  eden space 30720K, 0% used [0x00000000d5580000,0x00000000d5580000,0x00000000d7380000)
  from space 3584K, 85% used [0x00000000d7400000,0x00000000d7700820,0x00000000d7780000)
  to   space 3072K, 0% used [0x00000000d7780000,0x00000000d7780000,0x00000000d7a80000)
 ParOldGen       total 68608K, used 38507K [0x0000000080000000, 0x0000000084300000, 0x00000000d5580000)
 Event: 7.187 {heap Before GC invocations=20 (full 2):
 PSYoungGen      total 34304K, used 33794K [0x00000000d5580000, 0x00000000d7a80000, 0x0000000100000000)
  eden space 30720K, 100% used [0x00000000d5580000,0x00000000d7380000,0x00000000d7380000)
  from space 3584K, 85% used [0x00000000d7400000,0x00000000d7700820,0x00000000d7780000)
  to   space 3072K, 0% used [0x00000000d7780000,0x00000000d7780000,0x00000000d7a80000)
 ParOldGen       total 68608K, used 38507K [0x0000000080000000, 0x0000000084300000, 0x00000000d558000Event: 7.193 {heap After GC invocations=20 (full 2):
 PSYoungGen      total 33280K, used 3008K [0x00000000d5580000, 0x00000000d7a80000, 0x0000000100000000)
  eden space 30208K, 0% used [0x00000000d5580000,0x00000000d5580000,0x00000000d7300000)
  from space 3072K, 97% used [0x00000000d7780000,0x00000000d7a70010,0x00000000d7a80000)
  to   space 3072K, 0% used [0x00000000d7480000,0x00000000d7480000,0x00000000d7780000)
 ParOldGen       total 68608K, used 41417K [0x0000000080000000, 0x0000000084300000, 0x00000000d5580000)
 Event: 7.281 {heap Before GC invocations=21 (full 2):
 PSYoungGen      total 33280K, used 33216K [0x00000000d5580000, 0x00000000d7a80000, 0x0000000100000000)
  eden space 30208K, 100% used [0x00000000d5580000,0x00000000d7300000,0x00000000d7300000)
  from space 3072K, 97% used [0x00000000d7780000,0x00000000d7a70010,0x00000000d7a80000)
  to   space 3072K, 0% used [0x00000000d7480000,0x00000000d7480000,0x00000000d7780000)
 ParOldGen       total 68608K, used 41417K [0x0000000080000000, 0x0000000084300000, 0x00000000d558000Event: 7.286 {heap After GC invocations=21 (full 2):
 PSYoungGen      total 32768K, used 2756K [0x00000000d5580000, 0x00000000d7880000, 0x0000000100000000)
  eden space 29696K, 0% used [0x00000000d5580000,0x00000000d5580000,0x00000000d7280000)
  from space 3072K, 89% used [0x00000000d7480000,0x00000000d7731000,0x00000000d7780000)
  to   space 1024K, 0% used [0x00000000d7780000,0x00000000d7780000,0x00000000d7880000)
 ParOldGen       total 68608K, used 44263K [0x0000000080000000, 0x0000000084300000, 0x00000000d5580000)
 Event: 7.375 {heap Before GC invocations=22 (full 2):
 PSYoungGen      total 32768K, used 32452K [0x00000000d5580000, 0x00000000d7880000, 0x0000000100000000)
  eden space 29696K, 100% used [0x00000000d5580000,0x00000000d7280000,0x00000000d7280000)
  from space 3072K, 89% used [0x00000000d7480000,0x00000000d7731000,0x00000000d7780000)
  to   space 1024K, 0% used [0x00000000d7780000,0x00000000d7780000,0x00000000d7880000)
 ParOldGen       total 68608K, used 44263K [0x0000000080000000, 0x0000000084300000, 0x00000000d558000Event: 7.378 {heap After GC invocations=22 (full 2):
 PSYoungGen      total 29696K, used 1024K [0x00000000d5580000, 0x00000000d7e00000, 0x0000000100000000)
  eden space 28672K, 0% used [0x00000000d5580000,0x00000000d5580000,0x00000000d7180000)
  from space 1024K, 100% used [0x00000000d7780000,0x00000000d7880000,0x00000000d7880000)
  to   space 6144K, 0% used [0x00000000d7180000,0x00000000d7180000,0x00000000d7780000)
 ParOldGen       total 68608K, used 48563K [0x0000000080000000, 0x0000000084300000, 0x00000000d5580000)
Event: 7.717 {heap Before GC invocations=23 (full 2):
 PSYoungGen      total 29696K, used 29696K [0x00000000d5580000, 0x00000000d7e00000, 0x0000000100000000)
  eden space 28672K, 100% used [0x00000000d5580000,0x00000000d7180000,0x00000000d7180000)
  from space 1024K, 100% used [0x00000000d7780000,0x00000000d7880000,0x00000000d7880000)
  to   space 6144K, 0% used [0x00000000d7180000,0x00000000d7180000,0x00000000d7780000)
 ParOldGen       total 68608K, used 48563K [0x0000000080000000, 0x0000000084300000, 0x00000000d55800Event: 7.721 {heap After GC invocations=23 (full 2):
 PSYoungGen      total 30208K, used 1765K [0x00000000d5580000, 0x00000000d7800000, 0x0000000100000000)
  eden space 28160K, 0% used [0x00000000d5580000,0x00000000d5580000,0x00000000d7100000)
  from space 2048K, 86% used [0x00000000d7180000,0x00000000d7339558,0x00000000d7380000)
  to   space 3072K, 0% used [0x00000000d7500000,0x00000000d7500000,0x00000000d7800000)
 ParOldGen       total 68608K, used 49635K [0x0000000080000000, 0x0000000084300000, 0x00000000d5580000)
 Event: 8.404 {heap Before GC invocations=24 (full 2):
 PSYoungGen      total 30208K, used 29886K [0x00000000d5580000, 0x00000000d7800000, 0x0000000100000000)
  eden space 28160K, 99% used [0x00000000d5580000,0x00000000d70f65e8,0x00000000d7100000)
  from space 2048K, 86% used [0x00000000d7180000,0x00000000d7339558,0x00000000d7380000)
  to   space 3072K, 0% used [0x00000000d7500000,0x00000000d7500000,0x00000000d7800000)
 ParOldGen       total 68608K, used 49635K [0x0000000080000000, 0x0000000084300000, 0x00000000d5580000Event: 8.407 {heap After GC invocations=24 (full 2):
 PSYoungGen      total 32256K, used 512K [0x00000000d5580000, 0x00000000d7680000, 0x0000000100000000)
  eden space 30720K, 0% used [0x00000000d5580000,0x00000000d5580000,0x00000000d7380000)
  from space 1536K, 33% used [0x00000000d7500000,0x00000000d7580000,0x00000000d7680000)
  to   space 1536K, 0% used [0x00000000d7380000,0x00000000d7380000,0x00000000d7500000)
 ParOldGen       total 68608K, used 51253K [0x0000000080000000, 0x0000000084300000, 0x00000000d5580000)
  Event: 8.686 {heap Before GC invocations=25 (full 2):
 PSYoungGen      total 32256K, used 31232K [0x00000000d5580000, 0x00000000d7680000, 0x0000000100000000)
  eden space 30720K, 100% used [0x00000000d5580000,0x00000000d7380000,0x00000000d7380000)
  from space 1536K, 33% used [0x00000000d7500000,0x00000000d7580000,0x00000000d7680000)
  to   space 1536K, 0% used [0x00000000d7380000,0x00000000d7380000,0x00000000d7500000)
 ParOldGen       total 68608K, used 51253K [0x0000000080000000, 0x0000000084300000, 0x00000000d558000Event: 8.687 {heap After GC invocations=25 (full 2):
 PSYoungGen      total 31744K, used 1532K [0x00000000d5580000, 0x00000000d7900000, 0x0000000100000000)
  eden space 30208K, 0% used [0x00000000d5580000,0x00000000d5580000,0x00000000d7300000)
  from space 1536K, 99% used [0x00000000d7380000,0x00000000d74ff088,0x00000000d7500000)
  to   space 3072K, 0% used [0x00000000d7600000,0x00000000d7600000,0x00000000d7900000)
 ParOldGen       total 68608K, used 51977K [0x0000000080000000, 0x0000000084300000, 0x00000000d5580000)
 Event: 8.887 {heap Before GC invocations=26 (full 2):
 PSYoungGen      total 31744K, used 31740K [0x00000000d5580000, 0x00000000d7900000, 0x0000000100000000)
  eden space 30208K, 100% used [0x00000000d5580000,0x00000000d7300000,0x00000000d7300000)
  from space 1536K, 99% used [0x00000000d7380000,0x00000000d74ff088,0x00000000d7500000)
  to   space 3072K, 0% used [0x00000000d7600000,0x00000000d7600000,0x00000000d7900000)
 ParOldGen       total 68608K, used 51977K [0x0000000080000000, 0x0000000084300000, 0x00000000d558000Event: 8.888 {heap After GC invocations=26 (full 2):
 PSYoungGen      total 32256K, used 800K [0x00000000d5580000, 0x00000000d7700000, 0x0000000100000000)
  eden space 31232K, 0% used [0x00000000d5580000,0x00000000d5580000,0x00000000d7400000)
  from space 1024K, 78% used [0x00000000d7600000,0x00000000d76c8000,0x00000000d7700000)
  to   space 1536K, 0% used [0x00000000d7400000,0x00000000d7400000,0x00000000d7580000)
 ParOldGen       total 68608K, used 52266K [0x0000000080000000, 0x0000000084300000, 0x00000000d5580000)
  Event: 9.281 {heap Before GC invocations=27 (full 2):
 PSYoungGen      total 32256K, used 32032K [0x00000000d5580000, 0x00000000d7700000, 0x0000000100000000)
  eden space 31232K, 100% used [0x00000000d5580000,0x00000000d7400000,0x00000000d7400000)
  from space 1024K, 78% used [0x00000000d7600000,0x00000000d76c8000,0x00000000d7700000)
  to   space 1536K, 0% used [0x00000000d7400000,0x00000000d7400000,0x00000000d7580000)
 ParOldGen       total 68608K, used 52266K [0x0000000080000000, 0x0000000084300000, 0x00000000d558000Event: 9.283 {heap After GC invocations=27 (full 2):
 PSYoungGen      total 32768K, used 736K [0x00000000d5580000, 0x00000000d7680000, 0x0000000100000000)
  eden space 31232K, 0% used [0x00000000d5580000,0x00000000d5580000,0x00000000d7400000)
  from space 1536K, 47% used [0x00000000d7400000,0x00000000d74b8000,0x00000000d7580000)
  to   space 1024K, 0% used [0x00000000d7580000,0x00000000d7580000,0x00000000d7680000)
 ParOldGen       total 68608K, used 52850K [0x0000000080000000, 0x0000000084300000, 0x00000000d5580000)
  
Metaspace Usage History (20 events):
Event: 6.904 {metaspace Before GC invocations=18 (full 2):
 Metaspace       used 47716K, committed 48704K, reserved 1114112K
  class space    used 4194K, committed 4608K, reserved 1048576K
}
Event: 6.907 {metaspace After GC invocations=18 (full 2):
 Metaspace       used 47716K, committed 48704K, reserved 1114112K
  class space    used 4194K, committed 4608K, reserved 1048576K
}
Event: 7.080 {metaspace Before GC invocations=19 (full 2):
 Metaspace       used 48056K, committed 49088K, reserved 1114112K
  class space    used 4238K, committed 4672K, reserved 1048576K
}
Event: 7.086 {metaspace After GC invocations=19 (full 2):
 Metaspace       used 48056K, committed 49088K, reserved 1114112K
  class space    used 4238K, committed 4672K, reserved 1048576K
}
Event: 7.187 {metaspace Before GC invocations=20 (full 2):
 Metaspace       used 48075K, committed 49152K, reserved 1114112K
  class space    used 4238K, committed 4672K, reserved 1048576K
}
Event: 7.193 {metaspace After GC invocations=20 (full 2):
 Metaspace       used 48075K, committed 49152K, reserved 1114112K
  class space    used 4238K, committed 4672K, reserved 1048576K
}
Event: 7.281 {metaspace Before GC invocations=21 (full 2):
 Metaspace       used 48078K, committed 49152K, reserved 1114112K
  class space    used 4238K, committed 4672K, reserved 1048576K
}
Event: 7.286 {metaspace After GC invocations=21 (full 2):
 Metaspace       used 48078K, committed 49152K, reserved 1114112K
  class space    used 4238K, committed 4672K, reserved 1048576K
}
Event: 7.375 {metaspace Before GC invocations=22 (full 2):
 Metaspace       used 48138K, committed 49216K, reserved 1114112K
  class space    used 4240K, committed 4672K, reserved 1048576K
}
Event: 7.378 {metaspace After GC invocations=22 (full 2):
 Metaspace       used 48138K, committed 49216K, reserved 1114112K
  class space    used 4240K, committed 4672K, reserved 1048576K
}
Event: 7.717 {metaspace Before GC invocations=23 (full 2):
 Metaspace       used 49985K, committed 51072K, reserved 1114112K
  class space    used 4454K, committed 4928K, reserved 1048576K
}
Event: 7.721 {metaspace After GC invocations=23 (full 2):
 Metaspace       used 49985K, committed 51072K, reserved 1114112K
  class space    used 4454K, committed 4928K, reserved 1048576K
}
Event: 8.404 {metaspace Before GC invocations=24 (full 2):
 Metaspace       used 51477K, committed 52544K, reserved 1114112K
  class space    used 4597K, committed 5056K, reserved 1048576K
}
Event: 8.407 {metaspace After GC invocations=24 (full 2):
 Metaspace       used 51477K, committed 52544K, reserved 1114112K
  class space    used 4597K, committed 5056K, reserved 1048576K
}
Event: 8.686 {metaspace Before GC invocations=25 (full 2):
 Metaspace       used 53096K, committed 54144K, reserved 1114112K
  class space    used 4704K, committed 5184K, reserved 1048576K
}
Event: 8.687 {metaspace After GC invocations=25 (full 2):
 Metaspace       used 53096K, committed 54144K, reserved 1114112K
  class space    used 4704K, committed 5184K, reserved 1048576K
}
Event: 8.887 {metaspace Before GC invocations=26 (full 2):
 Metaspace       used 54711K, committed 55808K, reserved 1114112K
  class space    used 4872K, committed 5312K, reserved 1048576K
}
Event: 8.888 {metaspace After GC invocations=26 (full 2):
 Metaspace       used 54711K, committed 55808K, reserved 1114112K
  class space    used 4872K, committed 5312K, reserved 1048576K
}
Event: 9.281 {metaspace Before GC invocations=27 (full 2):
 Metaspace       used 55258K, committed 56384K, reserved 1114112K
  class space    used 4908K, committed 5376K, reserved 1048576K
}
Event: 9.283 {metaspace After GC invocations=27 (full 2):
 Metaspace       used 55258K, committed 56384K, reserved 1114112K
  class space    used 4908K, committed 5376K, reserved 1048576K
}

Dll operation events (10 events):
Event: 0.011 Loaded shared library C:\Program Files\Eclipse Adoptium\jdk-25.0.1.8-hotspot\bin\java.dll
Event: 0.093 Loaded shared library C:\Program Files\Eclipse Adoptium\jdk-25.0.1.8-hotspot\bin\zip.dll
Event: 0.096 Loaded shared library C:\Program Files\Eclipse Adoptium\jdk-25.0.1.8-hotspot\bin\instrument.dll
Event: 0.100 Loaded shared library C:\Program Files\Eclipse Adoptium\jdk-25.0.1.8-hotspot\bin\net.dll
Event: 0.102 Loaded shared library C:\Program Files\Eclipse Adoptium\jdk-25.0.1.8-hotspot\bin\nio.dll
Event: 0.105 Loaded shared library C:\Program Files\Eclipse Adoptium\jdk-25.0.1.8-hotspot\bin\zip.dll
Event: 0.133 Loaded shared library C:\Program Files\Eclipse Adoptium\jdk-25.0.1.8-hotspot\bin\jimage.dll
Event: 0.238 Loaded shared library C:\Program Files\Eclipse Adoptium\jdk-25.0.1.8-hotspot\bin\verify.dll
Event: 1.482 Loaded shared library C:\Users\aksar\AppData\Roaming\Code\User\globalStorage\redhat.java\1.48.0\config_win\org.eclipse.equinox.launcher\org.eclipse.equinox.launcher.win32.win32.x86_64_1.2.1400.v20250801-0854\eclipse_11916.dll
Event: 3.172 Loaded shared library C:\Users\aksar\AppData\Local\Temp\jna-92882810\jna6549591862932690168.dll

Deoptimization events (20 events):
Event: 9.270 Thread 0x00000129d155cb20 Uncommon trap: trap_request=0xffffffbe fr.pc=0x00000129be38e0bc relative=0x00000000000017bc
Event: 9.270 Thread 0x00000129d155cb20 Uncommon trap: reason=profile_predicate action=maybe_recompile pc=0x00000129be38e0bc method=lombok.eclipse.handlers.EclipseHandlerUtil.findCopyableAnnotations(Llombok/eclipse/EclipseNode;)[Lorg/eclipse/jdt/internal/compiler/ast/Annotation; @ 217 c2
Event: 9.270 Thread 0x00000129d155cb20 DEOPT PACKING pc=0x00000129be38e0bc sp=0x00000004dc6fd030
Event: 9.270 Thread 0x00000129d155cb20 DEOPT UNPACKING pc=0x00000129bdbe9102 sp=0x00000004dc6fd018 mode 2
Event: 9.271 Thread 0x00000129d155cb20 Uncommon trap: trap_request=0xffffffbe fr.pc=0x00000129be38e0bc relative=0x00000000000017bc
Event: 9.271 Thread 0x00000129d155cb20 Uncommon trap: reason=profile_predicate action=maybe_recompile pc=0x00000129be38e0bc method=lombok.eclipse.handlers.EclipseHandlerUtil.findCopyableAnnotations(Llombok/eclipse/EclipseNode;)[Lorg/eclipse/jdt/internal/compiler/ast/Annotation; @ 217 c2
Event: 9.271 Thread 0x00000129d155cb20 DEOPT PACKING pc=0x00000129be38e0bc sp=0x00000004dc6fcf00
Event: 9.271 Thread 0x00000129d155cb20 DEOPT UNPACKING pc=0x00000129bdbe9102 sp=0x00000004dc6fcee8 mode 2
Event: 9.272 Thread 0x00000129d155cb20 Uncommon trap: trap_request=0xffffffbe fr.pc=0x00000129be38e0bc relative=0x00000000000017bc
Event: 9.272 Thread 0x00000129d155cb20 Uncommon trap: reason=profile_predicate action=maybe_recompile pc=0x00000129be38e0bc method=lombok.eclipse.handlers.EclipseHandlerUtil.findCopyableAnnotations(Llombok/eclipse/EclipseNode;)[Lorg/eclipse/jdt/internal/compiler/ast/Annotation; @ 217 c2
Event: 9.272 Thread 0x00000129d155cb20 DEOPT PACKING pc=0x00000129be38e0bc sp=0x00000004dc6fcf00
Event: 9.272 Thread 0x00000129d155cb20 DEOPT UNPACKING pc=0x00000129bdbe9102 sp=0x00000004dc6fcee8 mode 2
Event: 9.288 Thread 0x00000129d155cb20 Uncommon trap: trap_request=0xffffff45 fr.pc=0x00000129be2efe20 relative=0x0000000000000c20
Event: 9.288 Thread 0x00000129d155cb20 Uncommon trap: reason=unstable_if action=reinterpret pc=0x00000129be2efe20 method=org.eclipse.jdt.internal.core.util.WeakHashSet.cleanupGarbageCollectedValues()V @ 140 c2
Event: 9.288 Thread 0x00000129d155cb20 DEOPT PACKING pc=0x00000129be2efe20 sp=0x00000004dc6fdf00
Event: 9.288 Thread 0x00000129d155cb20 DEOPT UNPACKING pc=0x00000129bdbe9102 sp=0x00000004dc6fde28 mode 2
Event: 9.362 Thread 0x00000129d155cb20 Uncommon trap: trap_request=0xffffff45 fr.pc=0x00000129be0babd4 relative=0x0000000000000434
Event: 9.362 Thread 0x00000129d155cb20 Uncommon trap: reason=unstable_if action=reinterpret pc=0x00000129be0babd4 method=java.util.HashMap.resize()[Ljava/util/HashMap$Node; @ 203 c2
Event: 9.362 Thread 0x00000129d155cb20 DEOPT PACKING pc=0x00000129be0babd4 sp=0x00000004dc6fe340
Event: 9.362 Thread 0x00000129d155cb20 DEOPT UNPACKING pc=0x00000129bdbe9102 sp=0x00000004dc6fe280 mode 2

Classes loaded (20 events):
Event: 8.259 Loading class java/util/regex/Pattern$Caret
Event: 8.259 Loading class java/util/regex/Pattern$Caret done
Event: 8.418 Loading class java/util/Hashtable$ValueCollection
Event: 8.418 Loading class java/util/Hashtable$ValueCollection done
Event: 8.540 Loading class java/nio/charset/CharacterCodingException
Event: 8.540 Loading class java/nio/charset/CharacterCodingException done
Event: 8.541 Loading class java/io/SequenceInputStream
Event: 8.541 Loading class java/io/SequenceInputStream done
Event: 8.555 Loading class java/util/WeakHashMap$KeyIterator
Event: 8.555 Loading class java/util/WeakHashMap$KeyIterator done
Event: 9.024 Loading class java/util/stream/ReferencePipeline$4
Event: 9.025 Loading class java/util/stream/ReferencePipeline$4 done
Event: 9.025 Loading class java/util/stream/Nodes$IntFixedNodeBuilder
Event: 9.025 Loading class java/util/stream/Node$Builder$OfInt
Event: 9.025 Loading class java/util/stream/Node$Builder$OfInt done
Event: 9.025 Loading class java/util/stream/Nodes$IntArrayNode
Event: 9.025 Loading class java/util/stream/Nodes$IntArrayNode done
Event: 9.025 Loading class java/util/stream/Nodes$IntFixedNodeBuilder done
Event: 9.025 Loading class java/util/stream/ReferencePipeline$4$1
Event: 9.025 Loading class java/util/stream/ReferencePipeline$4$1 done

Classes unloaded (7 events):
Event: 3.771 Thread 0x00000129adb3c830 Unloading class 0x0000000010182000 'java/lang/invoke/LambdaForm$MH+0x0000000010182000'
Event: 3.771 Thread 0x00000129adb3c830 Unloading class 0x0000000010181c00 'java/lang/invoke/LambdaForm$MH+0x0000000010181c00'
Event: 3.771 Thread 0x00000129adb3c830 Unloading class 0x0000000010181800 'java/lang/invoke/LambdaForm$MH+0x0000000010181800'
Event: 3.771 Thread 0x00000129adb3c830 Unloading class 0x0000000010181400 'java/lang/invoke/LambdaForm$MH+0x0000000010181400'
Event: 3.771 Thread 0x00000129adb3c830 Unloading class 0x0000000010181000 'java/lang/invoke/LambdaForm$BMH+0x0000000010181000'
Event: 3.771 Thread 0x00000129adb3c830 Unloading class 0x0000000010180c00 'java/lang/invoke/LambdaForm$DMH+0x0000000010180c00'
Event: 3.771 Thread 0x00000129adb3c830 Unloading class 0x000000001013b400 'java/lang/invoke/LambdaForm$DMH+0x000000001013b400'

Classes redefined (0 events):
No events

Internal exceptions (20 events):
Event: 6.502 Thread 0x00000129cf04b270 Exception <a 'sun/nio/fs/WindowsException'{0x00000000d6e5b5b0}> (0x00000000d6e5b5b0) 
thrown [s\src\hotspot\share\prims\jni.cpp, line 516]
Event: 6.502 Thread 0x00000129cf04b270 Exception <a 'sun/nio/fs/WindowsException'{0x00000000d6e5fcf8}> (0x00000000d6e5fcf8) 
thrown [s\src\hotspot\share\prims\jni.cpp, line 516]
Event: 6.502 Thread 0x00000129cf04b270 Exception <a 'sun/nio/fs/WindowsException'{0x00000000d6e604f8}> (0x00000000d6e604f8) 
thrown [s\src\hotspot\share\prims\jni.cpp, line 516]
Event: 6.502 Thread 0x00000129cf04b270 Exception <a 'sun/nio/fs/WindowsException'{0x00000000d6e60ab0}> (0x00000000d6e60ab0) 
thrown [s\src\hotspot\share\prims\jni.cpp, line 516]
Event: 6.502 Thread 0x00000129cf04b270 Exception <a 'sun/nio/fs/WindowsException'{0x00000000d6e61078}> (0x00000000d6e61078) 
thrown [s\src\hotspot\share\prims\jni.cpp, line 516]
Event: 6.503 Thread 0x00000129cf04b270 Exception <a 'sun/nio/fs/WindowsException'{0x00000000d6e640e8}> (0x00000000d6e640e8) 
thrown [s\src\hotspot\share\prims\jni.cpp, line 516]
Event: 6.503 Thread 0x00000129cf04b270 Exception <a 'sun/nio/fs/WindowsException'{0x00000000d6e646a8}> (0x00000000d6e646a8) 
thrown [s\src\hotspot\share\prims\jni.cpp, line 516]
Event: 6.503 Thread 0x00000129cf04b270 Exception <a 'sun/nio/fs/WindowsException'{0x00000000d6e64c70}> (0x00000000d6e64c70) 
thrown [s\src\hotspot\share\prims\jni.cpp, line 516]
Event: 6.503 Thread 0x00000129cf04b270 Exception <a 'sun/nio/fs/WindowsException'{0x00000000d6e65488}> (0x00000000d6e65488) 
thrown [s\src\hotspot\share\prims\jni.cpp, line 516]
Event: 6.503 Thread 0x00000129cf04b270 Exception <a 'sun/nio/fs/WindowsException'{0x00000000d6e68878}> (0x00000000d6e68878) 
thrown [s\src\hotspot\share\prims\jni.cpp, line 516]
Event: 6.503 Thread 0x00000129cf04b270 Exception <a 'sun/nio/fs/WindowsException'{0x00000000d6e68ec0}> (0x00000000d6e68ec0) 
thrown [s\src\hotspot\share\prims\jni.cpp, line 516]
Event: 6.503 Thread 0x00000129cf04b270 Exception <a 'sun/nio/fs/WindowsException'{0x00000000d6e69508}> (0x00000000d6e69508) 
thrown [s\src\hotspot\share\prims\jni.cpp, line 516]
Event: 6.503 Thread 0x00000129cf04b270 Exception <a 'sun/nio/fs/WindowsException'{0x00000000d6e69e00}> (0x00000000d6e69e00) 
thrown [s\src\hotspot\share\prims\jni.cpp, line 516]
Event: 6.770 Thread 0x00000129d155cb20 Implicit null exception at 0x00000129be25f36b to 0x00000129be25f6cc
Event: 6.771 Thread 0x00000129d155cb20 Exception <a 'java/lang/NoSuchMethodError'{0x00000000d69a5130}: 'java.lang.Object java.lang.invoke.DelegatingMethodHandle$Holder.reinvoke_L(java.lang.Object, int, long, java.lang.Object, java.lang.Object, int, java.lang.Object)'> (0x00000000d69a5130) 
thrown [s\src\hotspot\share\interpreter\linkResolver.cpp, line 804]
Event: 8.549 Thread 0x00000129d155cb20 Exception <a 'java/io/FileNotFoundException'{0x00000000d5b39e28}> (0x00000000d5b39e28) 
thrown [s\src\hotspot\share\prims\jni.cpp, line 516]
Event: 8.549 Thread 0x00000129d155cb20 Exception <a 'java/io/FileNotFoundException'{0x00000000d5b3af98}> (0x00000000d5b3af98) 
thrown [s\src\hotspot\share\prims\jni.cpp, line 516]
Event: 8.823 Thread 0x00000129d155cb20 Exception <a 'java/lang/NoSuchMethodError'{0x00000000d6cf5b88}: 'void java.lang.invoke.DelegatingMethodHandle$Holder.reinvoke_L(java.lang.Object, java.lang.Object, java.lang.Object, int, java.lang.Object, int, int)'> (0x00000000d6cf5b88) 
thrown [s\src\hotspot\share\interpreter\linkResolver.cpp, line 804]
Event: 8.849 Thread 0x00000129d155cb20 Exception <a 'java/lang/NoSuchMethodError'{0x00000000d6f6ae90}: 'java.lang.Object java.lang.invoke.DirectMethodHandle$Holder.invokeStatic(java.lang.Object, java.lang.Object, int, int)'> (0x00000000d6f6ae90) 
thrown [s\src\hotspot\share\interpreter\linkResolver.cpp, line 804]
Event: 9.246 Thread 0x00000129d155cb20 Implicit null exception at 0x00000129be353ea7 to 0x00000129be354494

VM Operations (20 events):
Event: 7.280 Executing safepoint VM operation: ParallelCollectForAllocation (Allocation Failure)
Event: 7.286 Executing safepoint VM operation: ParallelCollectForAllocation (Allocation Failure) done
Event: 7.375 Executing safepoint VM operation: ParallelCollectForAllocation (Allocation Failure)
Event: 7.378 Executing safepoint VM operation: ParallelCollectForAllocation (Allocation Failure) done
Event: 7.641 Executing non-safepoint VM operation: HandshakeAllThreads (Deoptimize)
Event: 7.641 Executing non-safepoint VM operation: HandshakeAllThreads (Deoptimize) done
Event: 7.717 Executing safepoint VM operation: ParallelCollectForAllocation (Allocation Failure)
Event: 7.721 Executing safepoint VM operation: ParallelCollectForAllocation (Allocation Failure) done
Event: 8.404 Executing safepoint VM operation: ParallelCollectForAllocation (Allocation Failure)
Event: 8.407 Executing safepoint VM operation: ParallelCollectForAllocation (Allocation Failure) done
Event: 8.686 Executing safepoint VM operation: ParallelCollectForAllocation (Allocation Failure)
Event: 8.687 Executing safepoint VM operation: ParallelCollectForAllocation (Allocation Failure) done
Event: 8.792 Executing non-safepoint VM operation: HandshakeAllThreads (Deoptimize)
Event: 8.792 Executing non-safepoint VM operation: HandshakeAllThreads (Deoptimize) done
Event: 8.887 Executing safepoint VM operation: ParallelCollectForAllocation (Allocation Failure)
Event: 8.888 Executing safepoint VM operation: ParallelCollectForAllocation (Allocation Failure) done
Event: 9.235 Executing non-safepoint VM operation: HandshakeAllThreads (Deoptimize)
Event: 9.235 Executing non-safepoint VM operation: HandshakeAllThreads (Deoptimize) done
Event: 9.281 Executing safepoint VM operation: ParallelCollectForAllocation (Allocation Failure)
Event: 9.283 Executing safepoint VM operation: ParallelCollectForAllocation (Allocation Failure) done

Memory protections (0 events):
No events

Nmethod flushes (20 events):
Event: 4.573 Thread 0x00000129adb3c830 flushing  nmethod 0x00000129b6b21508
Event: 4.573 Thread 0x00000129adb3c830 flushing  nmethod 0x00000129b6b22888
Event: 4.573 Thread 0x00000129adb3c830 flushing  nmethod 0x00000129b6b23208
Event: 4.573 Thread 0x00000129adb3c830 flushing  nmethod 0x00000129b6b42f08
Event: 4.573 Thread 0x00000129adb3c830 flushing  nmethod 0x00000129b6b43208
Event: 4.573 Thread 0x00000129adb3c830 flushing  nmethod 0x00000129b6b43788
Event: 4.573 Thread 0x00000129adb3c830 flushing  nmethod 0x00000129b6b44b88
Event: 4.573 Thread 0x00000129adb3c830 flushing  nmethod 0x00000129b6b45088
Event: 4.573 Thread 0x00000129adb3c830 flushing  nmethod 0x00000129b6b45f88
Event: 4.573 Thread 0x00000129adb3c830 flushing  nmethod 0x00000129b6b46308
Event: 4.573 Thread 0x00000129adb3c830 flushing  nmethod 0x00000129b6b47108
Event: 4.573 Thread 0x00000129adb3c830 flushing  nmethod 0x00000129b6b47408
Event: 4.573 Thread 0x00000129adb3c830 flushing  nmethod 0x00000129b6b52e08
Event: 4.573 Thread 0x00000129adb3c830 flushing  nmethod 0x00000129b6b96988
Event: 4.573 Thread 0x00000129adb3c830 flushing  nmethod 0x00000129b6b98f88
Event: 4.573 Thread 0x00000129adb3c830 flushing  nmethod 0x00000129b6ba1c88
Event: 4.573 Thread 0x00000129adb3c830 flushing  nmethod 0x00000129b6c19608
Event: 4.573 Thread 0x00000129adb3c830 flushing  nmethod 0x00000129b6c1a908
Event: 4.573 Thread 0x00000129adb3c830 flushing  nmethod 0x00000129b6c1ac88
Event: 4.573 Thread 0x00000129adb3c830 flushing  nmethod 0x00000129b6c8f108

Events (20 events):
Event: 4.362 Thread 0x00000129adab2e00 Thread added: 0x00000129d13bc1c0
Event: 4.399 Thread 0x00000129adab2e00 Thread added: 0x00000129d13c0fe0
Event: 4.524 Thread 0x00000129adab2e00 Thread added: 0x00000129d155c350
Event: 4.524 Thread 0x00000129adab2e00 Thread added: 0x00000129d155cb20
Event: 4.846 Thread 0x00000129cf04d1b0 Thread added: 0x00000129d1559470
Event: 4.846 Thread 0x00000129cf04d1b0 Thread added: 0x00000129d1559c40
Event: 4.847 Thread 0x00000129d1559470 Thread added: 0x00000129d155dac0
Event: 4.848 Thread 0x00000129d1559c40 Thread added: 0x00000129d155e290
Event: 4.849 Thread 0x00000129d155dac0 Thread added: 0x00000129d155ea60
Event: 4.850 Thread 0x00000129d1559470 Thread added: 0x00000129d155f230
Event: 4.850 Thread 0x00000129d1559470 Thread added: 0x00000129d15601d0
Event: 4.850 Thread 0x00000129d1559470 Thread added: 0x00000129ce0977b0
Event: 4.851 Thread 0x00000129d155dac0 Thread added: 0x00000129d014c2b0
Event: 4.851 Thread 0x00000129d155e290 Thread added: 0x00000129d014bae0
Event: 4.851 Thread 0x00000129d15601d0 Thread added: 0x00000129d014da20
Event: 7.942 Thread 0x00000129adaca1b0 Thread exited: 0x00000129adaca1b0
Event: 7.964 Thread 0x00000129adac38e0 Thread exited: 0x00000129adac38e0
Event: 8.601 Thread 0x00000129d155cb20 Thread added: 0x00000129d248a690
Event: 8.605 Thread 0x00000129adac5110 Thread added: 0x00000129d00a30b0
Event: 8.676 Thread 0x00000129adac4900 Thread added: 0x00000129d00a0050


Dynamic libraries:
0x00007ff7a6270000 - 0x00007ff7a627e000 	C:\Program Files\Eclipse Adoptium\jdk-25.0.1.8-hotspot\bin\java.exe
0x00007ff8f8f60000 - 0x00007ff8f91c9000 	C:\WINDOWS\SYSTEM32\ntdll.dll
0x00007ff8f7870000 - 0x00007ff8f7939000 	C:\WINDOWS\System32\KERNEL32.DLL
0x00007ff8f6530000 - 0x00007ff8f6923000 	C:\WINDOWS\System32\KERNELBASE.dll
0x00007ff8f6be0000 - 0x00007ff8f6d2b000 	C:\WINDOWS\System32\ucrtbase.dll
0x00007ff8c2720000 - 0x00007ff8c273e000 	C:\Program Files\Eclipse Adoptium\jdk-25.0.1.8-hotspot\bin\VCRUNTIME140.dll
0x00007ff8c2740000 - 0x00007ff8c2756000 	C:\Program Files\Eclipse Adoptium\jdk-25.0.1.8-hotspot\bin\jli.dll
0x00007ff8f82d0000 - 0x00007ff8f8494000 	C:\WINDOWS\System32\USER32.dll
0x00007ff8f6240000 - 0x00007ff8f6267000 	C:\WINDOWS\System32\win32u.dll
0x00007ff8f5510000 - 0x00007ff8f57a3000 	C:\WINDOWS\WinSxS\amd64_microsoft.windows.common-controls_6595b64144ccf1df_6.0.26100.5074_none_3e0d6f78e32fd63f\COMCTL32.dll
0x00007ff8f8ad0000 - 0x00007ff8f8afb000 	C:\WINDOWS\System32\GDI32.dll
0x00007ff8f7940000 - 0x00007ff8f79e9000 	C:\WINDOWS\System32\msvcrt.dll
0x00007ff8f6ab0000 - 0x00007ff8f6bdd000 	C:\WINDOWS\System32\gdi32full.dll
0x00007ff8f6310000 - 0x00007ff8f63b3000 	C:\WINDOWS\System32\msvcp_win.dll
0x00007ff8f8c00000 - 0x00007ff8f8c2f000 	C:\WINDOWS\System32\IMM32.DLL
0x00007ff8e6e90000 - 0x00007ff8e6e9c000 	C:\Program Files\Eclipse Adoptium\jdk-25.0.1.8-hotspot\bin\vcruntime140_1.dll
0x00007ff88e7d0000 - 0x00007ff88e85d000 	C:\Program Files\Eclipse Adoptium\jdk-25.0.1.8-hotspot\bin\msvcp140.dll
0x00007ff840cb0000 - 0x00007ff841bd6000 	C:\Program Files\Eclipse Adoptium\jdk-25.0.1.8-hotspot\bin\server\jvm.dll
0x00007ff8f7750000 - 0x00007ff8f7804000 	C:\WINDOWS\System32\ADVAPI32.dll
0x00007ff8f7ad0000 - 0x00007ff8f7b76000 	C:\WINDOWS\System32\sechost.dll
0x00007ff8f6e40000 - 0x00007ff8f6f58000 	C:\WINDOWS\System32\RPCRT4.dll
0x00007ff8f6d30000 - 0x00007ff8f6da4000 	C:\WINDOWS\System32\WS2_32.dll
0x00007ff8f5f50000 - 0x00007ff8f5fae000 	C:\WINDOWS\SYSTEM32\POWRPROF.dll
0x00007ff8e9aa0000 - 0x00007ff8e9aab000 	C:\WINDOWS\SYSTEM32\VERSION.dll
0x00007ff8e6fe0000 - 0x00007ff8e7015000 	C:\WINDOWS\SYSTEM32\WINMM.dll
0x00007ff8f5f30000 - 0x00007ff8f5f44000 	C:\WINDOWS\SYSTEM32\UMPDC.dll
0x00007ff8f4570000 - 0x00007ff8f458b000 	C:\WINDOWS\SYSTEM32\kernel.appcore.dll
0x00007ff8e6760000 - 0x00007ff8e676a000 	C:\Program Files\Eclipse Adoptium\jdk-25.0.1.8-hotspot\bin\jimage.dll
0x00007ff8f58c0000 - 0x00007ff8f5b02000 	C:\WINDOWS\SYSTEM32\DBGHELP.DLL
0x00007ff8f71a0000 - 0x00007ff8f751b000 	C:\WINDOWS\System32\combase.dll
0x00007ff8f7030000 - 0x00007ff8f7107000 	C:\WINDOWS\System32\OLEAUT32.dll
0x00007ff8f57b0000 - 0x00007ff8f57ed000 	C:\WINDOWS\SYSTEM32\dbgcore.DLL
0x00007ff8f6270000 - 0x00007ff8f6309000 	C:\WINDOWS\System32\bcryptPrimitives.dll
0x00007ff8e5b40000 - 0x00007ff8e5b4f000 	C:\Program Files\Eclipse Adoptium\jdk-25.0.1.8-hotspot\bin\instrument.dll
0x00007ff8c2510000 - 0x00007ff8c252e000 	C:\Program Files\Eclipse Adoptium\jdk-25.0.1.8-hotspot\bin\java.dll
0x00007ff8f84a0000 - 0x00007ff8f8638000 	C:\WINDOWS\System32\ole32.dll
0x00007ff8f7b80000 - 0x00007ff8f82cd000 	C:\WINDOWS\System32\SHELL32.dll
0x00007ff8f63c0000 - 0x00007ff8f652c000 	C:\WINDOWS\System32\wintypes.dll
0x00007ff8f3410000 - 0x00007ff8f3c69000 	C:\WINDOWS\SYSTEM32\windows.storage.dll
0x00007ff8f8b00000 - 0x00007ff8f8bf0000 	C:\WINDOWS\System32\SHCORE.dll
0x00007ff8f7110000 - 0x00007ff8f7172000 	C:\WINDOWS\System32\shlwapi.dll
0x00007ff8f6010000 - 0x00007ff8f6039000 	C:\WINDOWS\SYSTEM32\profapi.dll
0x00007ff8c24f0000 - 0x00007ff8c2507000 	C:\Program Files\Eclipse Adoptium\jdk-25.0.1.8-hotspot\bin\zip.dll
0x00007ff8c0f30000 - 0x00007ff8c0f41000 	C:\Program Files\Eclipse Adoptium\jdk-25.0.1.8-hotspot\bin\net.dll
0x00007ff8f4ab0000 - 0x00007ff8f4b1b000 	C:\WINDOWS\system32\mswsock.dll
0x00007ff8ba490000 - 0x00007ff8ba4a6000 	C:\Program Files\Eclipse Adoptium\jdk-25.0.1.8-hotspot\bin\nio.dll
0x00007ff8dc390000 - 0x00007ff8dc3a0000 	C:\Program Files\Eclipse Adoptium\jdk-25.0.1.8-hotspot\bin\verify.dll
0x00007ff873b70000 - 0x00007ff873bb4000 	C:\Users\aksar\AppData\Roaming\Code\User\globalStorage\redhat.java\1.48.0\config_win\org.eclipse.equinox.launcher\org.eclipse.equinox.launcher.win32.win32.x86_64_1.2.1400.v20250801-0854\eclipse_11916.dll
0x00007ff8f5c30000 - 0x00007ff8f5c4b000 	C:\WINDOWS\SYSTEM32\CRYPTSP.dll
0x00007ff8f4b20000 - 0x00007ff8f4b5b000 	C:\WINDOWS\system32\rsaenh.dll
0x00007ff8f4b90000 - 0x00007ff8f4bbb000 	C:\WINDOWS\SYSTEM32\USERENV.dll
0x00007ff8f5fe0000 - 0x00007ff8f6006000 	C:\WINDOWS\SYSTEM32\bcrypt.dll
0x00007ff8f4de0000 - 0x00007ff8f4dec000 	C:\WINDOWS\SYSTEM32\CRYPTBASE.dll
0x00007ff8f4060000 - 0x00007ff8f4094000 	C:\WINDOWS\SYSTEM32\IPHLPAPI.DLL
0x00007ff8f7680000 - 0x00007ff8f768a000 	C:\WINDOWS\System32\NSI.dll
0x00007ff8c55c0000 - 0x00007ff8c5609000 	C:\Users\aksar\AppData\Local\Temp\jna-92882810\jna6549591862932690168.dll
0x00007ff8f6fe0000 - 0x00007ff8f6fe8000 	C:\WINDOWS\System32\PSAPI.DLL
0x00007ff8ec000000 - 0x00007ff8ec11f000 	C:\WINDOWS\SYSTEM32\winhttp.dll
0x00007ff8ec2f0000 - 0x00007ff8ec30e000 	C:\WINDOWS\SYSTEM32\dhcpcsvc6.DLL
0x00007ff8ec2c0000 - 0x00007ff8ec2e3000 	C:\WINDOWS\SYSTEM32\dhcpcsvc.DLL

JVMTI agents:
c:\Users\aksar\.vscode\extensions\redhat.java-1.48.0\lombok\lombok-1.18.39-4050.jar path:C:\Program Files\Eclipse Adoptium\jdk-25.0.1.8-hotspot\bin\instrument.dll, loaded, initialized, instrumentlib options:none

dbghelp: loaded successfully - version: 4.0.5 - missing functions: none
symbol engine: initialized successfully - sym options: 0x614 - pdb path: .;C:\Program Files\Eclipse Adoptium\jdk-25.0.1.8-hotspot\bin;C:\WINDOWS\SYSTEM32;C:\WINDOWS\WinSxS\amd64_microsoft.windows.common-controls_6595b64144ccf1df_6.0.26100.5074_none_3e0d6f78e32fd63f;C:\Program Files\Eclipse Adoptium\jdk-25.0.1.8-hotspot\bin\server;C:\Users\aksar\AppData\Roaming\Code\User\globalStorage\redhat.java\1.48.0\config_win\org.eclipse.equinox.launcher\org.eclipse.equinox.launcher.win32.win32.x86_64_1.2.1400.v20250801-0854;C:\Users\aksar\AppData\Local\Temp\jna-92882810

VM Arguments:
jvm_args: -Djdk.xml.maxGeneralEntitySizeLimit=0 -Djdk.xml.totalEntitySizeLimit=0 --add-modules=ALL-SYSTEM --add-opens=java.base/java.util=ALL-UNNAMED --add-opens=java.base/java.lang=ALL-UNNAMED --add-opens=java.base/sun.nio.fs=ALL-UNNAMED -Declipse.application=org.eclipse.jdt.ls.core.id1 -Dosgi.bundles.defaultStartLevel=4 -Declipse.product=org.eclipse.jdt.ls.core.product -Djava.import.generatesMetadataFilesAtProjectRoot=false -DDetectVMInstallationsJob.disabled=true -Dfile.encoding=utf8 -XX:+UseParallelGC -XX:GCTimeRatio=4 -XX:AdaptiveSizePolicyWeight=90 -Dsun.zip.disableMemoryMapping=true -Xmx2G -Xms100m -Xlog:disable -javaagent:c:\Users\aksar\.vscode\extensions\redhat.java-1.48.0\lombok\lombok-1.18.39-4050.jar -XX:+HeapDumpOnOutOfMemoryError -XX:HeapDumpPath=c:\Users\aksar\AppData\Roaming\Code\User\workspaceStorage\a13022a768f355cec2ca02689a800327\redhat.java -Daether.dependencyCollector.impl=bf 
java_command: c:\Users\aksar\.vscode\extensions\redhat.java-1.48.0\server\plugins\org.eclipse.equinox.launcher_1.7.100.v20251111-0406.jar -configuration c:\Users\aksar\AppData\Roaming\Code\User\globalStorage\redhat.java\1.48.0\config_win -data c:\Users\aksar\AppData\Roaming\Code\User\workspaceStorage\a13022a768f355cec2ca02689a800327\redhat.java\jdt_ws --pipe=\\.\pipe\lsp-4b7b0bd0504d2e7d5572c6493fc6f53d-sock
java_class_path (initial): c:\Users\aksar\.vscode\extensions\redhat.java-1.48.0\server\plugins\org.eclipse.equinox.launcher_1.7.100.v20251111-0406.jar
Launcher Type: SUN_STANDARD

[Global flags]
     uint AdaptiveSizePolicyWeight                 = 90                                        {product} {command line}
     intx CICompilerCount                          = 4                                         {product} {ergonomic}
     uint GCTimeRatio                              = 4                                         {product} {command line}
     bool HeapDumpOnOutOfMemoryError               = true                                   {manageable} {command line}
    ccstr HeapDumpPath                             = c:\Users\aksar\AppData\Roaming\Code\User\workspaceStorage\a13022a768f355cec2ca02689a800327\redhat.java         {manageable} {command line}
   size_t InitialHeapSize                          = 104857600                                 {product} {command line}
   size_t MaxHeapSize                              = 2147483648                                {product} {command line}
   size_t MaxNewSize                               = 715653120                                 {product} {ergonomic}
   size_t MinHeapDeltaBytes                        = 524288                                    {product} {ergonomic}
   size_t MinHeapSize                              = 104857600                                 {product} {command line}
   size_t NewSize                                  = 34603008                                  {product} {ergonomic}
    uintx NonNMethodCodeHeapSize                   = 5832704                                {pd product} {ergonomic}
    uintx NonProfiledCodeHeapSize                  = 122945536                              {pd product} {ergonomic}
    uintx ProfiledCodeHeapSize                     = 122880000                              {pd product} {ergonomic}
    uintx ReservedCodeCacheSize                    = 251658240                              {pd product} {ergonomic}
     bool SegmentedCodeCache                       = true                                      {product} {ergonomic}
   size_t SoftMaxHeapSize                          = 2147483648                             {manageable} {ergonomic}
     bool UseCompressedOops                        = true                           {product lp64_product} {ergonomic}
     bool UseLargePagesIndividualAllocation        = false                                  {pd product} {ergonomic}
     bool UseParallelGC                            = true                                      {product} {command line}

Logging:
Log output configuration:
 #0: stdout all=off uptime,level,tags foldmultilines=false
 #1: stderr all=off uptime,level,tags foldmultilines=false

Release file:
IMPLEMENTOR="Eclipse Adoptium" 
IMPLEMENTOR_VERSION="Temurin-25.0.1+8" 
JAVA_RUNTIME_VERSION="25.0.1+8-LTS" 
JAVA_VERSION="25.0.1" 
JAVA_VERSION_DATE="2025-10-21" 
LIBC="default" 
MODULES="java.base java.compiler java.datatransfer java.xml java.prefs java.desktop java.instrument java.logging java.management java.security.sasl java.naming java.rmi java.management.rmi java.net.http java.scripting java.security.jgss java.transaction.xa java.sql java.sql.rowset java.xml.crypto java.se java.smartcardio jdk.accessibility jdk.internal.jvmstat jdk.attach jdk.charsets jdk.internal.opt jdk.zipfs jdk.compiler jdk.crypto.cryptoki jdk.crypto.ec jdk.crypto.mscapi jdk.dynalink jdk.internal.ed jdk.editpad jdk.internal.vm.ci jdk.graal.compiler jdk.graal.compiler.management jdk.hotspot.agent jdk.httpserver jdk.incubator.vector jdk.internal.le jdk.internal.md jdk.jartool jdk.javadoc jdk.jcmd jdk.management jdk.management.agent jdk.jconsole jdk.jdeps jdk.jdwp.agent jdk.jdi jdk.jfr jdk.jlink jdk.jpackage jdk.jshell jdk.jsobject jdk.jstatd jdk.localedata jdk.management.jfr jdk.naming.dns jdk.naming.rmi jdk.net jdk.nio.mapmode jdk.sctp jdk.security.auth jdk.security.jgss jdk.unsupported jdk.unsupported.desktop jdk.xml.dom" 
OS_ARCH="x86_64" 
OS_NAME="Windows" 
SOURCE=".:git:61d6a2c1b35e" 
BUILD_SOURCE="git:839fa0b45d809157cffd3dc8515aad262a4a1776"
BUILD_SOURCE_REPO="https://github.com/adoptium/temurin-build.git"
SOURCE_REPO="https://github.com/adoptium/jdk25u.git"
FULL_VERSION="25.0.1+8-LTS"
SEMANTIC_VERSION="25.0.1+8"
BUILD_INFO="OS: Windows Server 2022 Version: 10.0"
JVM_VARIANT="Hotspot"
JVM_VERSION="25.0.1+8-LTS"
IMAGE_TYPE="JDK"

Environment Variables:
JAVA_HOME=C:\Program Files\Eclipse Adoptium\jdk-25.0.1.8-hotspot
PATH=C:\Program Files\Eclipse Adoptium\jdk-25.0.1.8-hotspot\bin;C:\Program Files\Java\bin;C:\Python313\Scripts\;C:\Python313\;C:\Users\aksar\AppData\Local\Programs\Python\Python312;C:\Users\aksar\AppData\Local\Programs\Python\Python312\Scripts;C:\Program Files (x86)\VMware\VMware Workstation\bin\;C:\WINDOWS\system32;C:\WINDOWS;C:\WINDOWS\System32\Wbem;C:\WINDOWS\System32\WindowsPowerShell\v1.0\;C:\WINDOWS\System32\OpenSSH\;C:\Program Files\dotnet\;C:\Program Files\Git LFS;C:\Program Files\WireGuard\;C:\apache-maven-3.9.9\bin;D:\Git\cmd;D:\nodejs\;C:\ProgramData\chocolatey\bin;D:\platform-tools;;C:\Program Files\Docker\Docker\resources\bin;C:\Users\aksar\dev\flutter\bin;C:\Users\aksar\dev\flutter\bin\cache\dart-sdk;C:\Users\aksar\AppData\Local\Programs\Python\Python312;C:\Users\aksar\AppData\Local\Microsoft\WindowsApps;C:\Users\aksar\AppData\Local\JetBrains\Toolbox\scripts;C:\Users\aksar\AppData\Local\gitkraken\bin;C:\Program Files\JetBrains\PyCharm Community Edition 2024.1.1\bin;C:\Users\aksar\AppData\Roaming\Programs\Zero Install;C:\Users\aksar\AppData\Local\Programs\Microsoft VS Code\bin;C:\Users\aksar\AppData\Local\Microsoft\WindowsApps;C:\apache-maven-3.9.9\bin;C:\Program Files\JetBrains\IntelliJ IDEA Community Edition 2024.3.4.1\bin;;C:\Users\aksar\AppData\Roaming\npm;C:\Users\aksar\.dotnet\tools;C:\Users\aksar\AppData\Local\GitHubDesktop\bin
USERNAME=aksar
OS=Windows_NT
PROCESSOR_IDENTIFIER=Intel64 Family 6 Model 141 Stepping 1, GenuineIntel
TMP=C:\Users\aksar\AppData\Local\Temp
TEMP=C:\Users\aksar\AppData\Local\Temp




Compilation memory statistics disabled.

Periodic native trim disabled

---------------  S Y S T E M  ---------------

OS:
 Windows 11 , 64 bit Build 26100 (10.0.26100.5074)
OS uptime: 20 days 8:46 hours
Hyper-V role detected

CPU: total 12 (initial active 12) (6 cores per cpu, 2 threads per core) family 6 model 141 stepping 1 microcode 0x34, cx8, cmov, fxsr, ht, mmx, 3dnowpref, sse, sse2, sse3, ssse3, sse4.1, sse4.2, popcnt, lzcnt, tsc, tscinvbit, avx, avx2, aes, erms, clmul, bmi1, bmi2, adx, avx512f, avx512dq, avx512cd, avx512bw, avx512vl, sha, fma, vzeroupper, avx512_vpopcntdq, avx512_vpclmulqdq, avx512_vaes, avx512_vnni, clflush, clflushopt, clwb, avx512_vbmi2, avx512_vbmi, hv, rdtscp, rdpid, fsrm, gfni, avx512_bitalg, f16c, cet_ibt, cet_ss, avx512_ifma
Processor Information for the first 12 processors :
  Max Mhz: 2688, Current Mhz: 2688, Mhz Limit: 2688

Memory: 4k page, system-wide physical 16105M (968M free)
TotalPageFile size 23273M (AvailPageFile size 5M)
current process WorkingSet (physical memory assigned to process): 322M, peak: 334M
current process commit charge ("private bytes"): 388M, peak: 405M

vm_info: OpenJDK 64-Bit Server VM (25.0.1+8-LTS) for windows-amd64 JRE (25.0.1+8-LTS), built on 2025-10-21T00:00:00Z with unknown MS VC++:1942

END.
